#
# There is insufficient memory for the Java Runtime Environment to continue.
# Native memory allocation (mmap) failed to map 110100480 bytes for Failed to commit area from 0x000000008d300000 to 0x0000000093c00000 of length 110100480.
# Possible reasons:
#   The system is out of physical RAM or swap space
#   The process is running with CompressedOops enabled, and the Java Heap may be blocking the growth of the native heap
# Possible solutions:
#   Reduce memory load on the system
#   Increase physical memory or swap space
#   Check if swap backing store is full
#   Decrease Java heap size (-Xmx/-Xms)
#   Decrease number of Java threads
#   Decrease Java thread stack sizes (-Xss)
#   Set larger code cache with -XX:ReservedCodeCacheSize=
#   JVM is running with Unscaled Compressed Oops mode in which the Java heap is
#     placed in the first 4GB address space. The Java Heap base address is the
#     maximum limit for the native heap growth. Please use -XX:HeapBaseMinAddress
#     to set the Java Heap base and to place the Java Heap above 4GB virtual address.
# This output file may be truncated or incomplete.
#
#  Out of Memory Error (t:/workspace/hotspot/src/os/windows/vm/os_windows.cpp:3357), pid=10972, tid=11992
#
# JRE version: Java(TM) SE Runtime Environment (9.0+11) (build 9.0.4+11)
# Java VM: Java HotSpot(TM) 64-Bit Server VM (9.0.4+11, mixed mode, tiered, compressed oops, g1 gc, windows-amd64)
# No core dump will be written. Minidumps are not enabled by default on client versions of Windows
#

---------------  S U M M A R Y ------------

Command Line: -ea QueueFunctionsTest.jar

Host: Intel(R) Core(TM) i5-3230M CPU @ 2.60GHz, 4 cores, 7G,  Windows 10 , 64 bit Build 10586 (10.0.10586.0)
Time: Tue Nov 27 02:11:07 2018 RTZ 2 (ceia) elapsed time: 4 seconds (0d 0h 0m 4s)

---------------  T H R E A D  ---------------

Current thread (0x0000025a2bfff800):  VMThread "VM Thread" [stack: 0x000000e099400000,0x000000e099500000] [id=11992]

Stack: [0x000000e099400000,0x000000e099500000]
[error occurred during error reporting (printing stack bounds), id 0xe0000002]

Native frames: (J=compiled Java code, j=interpreted, Vv=VM code, C=native code)
V  [jvm.dll+0x587068]
V  [jvm.dll+0x69c25e]
V  [jvm.dll+0x69d17a]
V  [jvm.dll+0x69cd05]
V  [jvm.dll+0x69d71b]
V  [jvm.dll+0x5868c6]
V  [jvm.dll+0x586c98]
C  [ntdll.dll+0xa97fd]
C  [ntdll.dll+0x34c99]
C  [ntdll.dll+0xa890a]
C  0x0000025a14d20e2a

VM_Operation (0x000000e0988fec10): G1IncCollectionPause, mode: safepoint, requested by thread 0x0000025a0c4dc000


---------------  P R O C E S S  ---------------

Java Threads: ( => current thread )
  0x0000025a2c252000 JavaThread "Service Thread" daemon [_thread_blocked, id=7472, stack(0x000000e099e00000,0x000000e099f00000)]
  0x0000025a2c252800 JavaThread "Common-Cleaner" daemon [_thread_blocked, id=11612, stack(0x000000e099d00000,0x000000e099e00000)]
  0x0000025a2c063800 JavaThread "Sweeper thread" daemon [_thread_blocked, id=6644, stack(0x000000e099c00000,0x000000e099d00000)]
  0x0000025a2c054000 JavaThread "C1 CompilerThread2" daemon [_thread_blocked, id=7312, stack(0x000000e099b00000,0x000000e099c00000)]
  0x0000025a2c053800 JavaThread "C2 CompilerThread1" daemon [_thread_blocked, id=6368, stack(0x000000e099a00000,0x000000e099b00000)]
  0x0000025a2c04f800 JavaThread "C2 CompilerThread0" daemon [_thread_blocked, id=10904, stack(0x000000e099900000,0x000000e099a00000)]
  0x0000025a2c047000 JavaThread "Attach Listener" daemon [_thread_blocked, id=10624, stack(0x000000e099800000,0x000000e099900000)]
  0x0000025a2c040000 JavaThread "Signal Dispatcher" daemon [_thread_blocked, id=8356, stack(0x000000e099700000,0x000000e099800000)]
  0x0000025a2c036800 JavaThread "Finalizer" daemon [_thread_blocked, id=11416, stack(0x000000e099600000,0x000000e099700000)]
  0x0000025a2c02b800 JavaThread "Reference Handler" daemon [_thread_blocked, id=1736, stack(0x000000e099500000,0x000000e099600000)]
  0x0000025a0c4dc000 JavaThread "main" [_thread_blocked, id=9064, stack(0x000000e098800000,0x000000e098900000)]

Other Threads:
=>0x0000025a2bfff800 VMThread "VM Thread" [stack: 0x000000e099400000,0x000000e099500000] [id=11992]
  0x0000025a2c369800 WatcherThread [stack: 0x000000e099f00000,0x000000e09a000000] [id=7744]
  0x0000025a0c4f3800 GCTaskThread "GC Thread#0" [stack: 0x000000e098900000,0x000000e098a00000] [id=8548]
  0x0000025a0c4f5000 GCTaskThread "GC Thread#1" [stack: 0x000000e098a00000,0x000000e098b00000] [id=6820]
  0x0000025a0c4f6800 GCTaskThread "GC Thread#2" [stack: 0x000000e098b00000,0x000000e098c00000] [id=2824]
  0x0000025a0c4fb000 GCTaskThread "GC Thread#3" [stack: 0x000000e098c00000,0x000000e098d00000] [id=9320]
  0x0000025a0c583800 ConcurrentGCThread "G1 Main Marker" [stack: 0x000000e099200000,0x000000e099300000] [id=9228]
  0x0000025a0c506800 ConcurrentGCThread "G1 Marker#0" [stack: 0x000000e099300000,0x000000e099400000] [id=7136]
  0x0000025a0c510800 ConcurrentGCThread "G1 Refine#0" [stack: 0x000000e099000000,0x000000e099100000] [id=12148]
  0x0000025a0c513000 ConcurrentGCThread "G1 Refine#1" [stack: 0x000000e098f00000,0x000000e099000000] [id=3960]
  0x0000025a0c50d800 ConcurrentGCThread "G1 Refine#2" [stack: 0x000000e098e00000,0x000000e098f00000] [id=5624]
  0x0000025a0c502800 ConcurrentGCThread "G1 Refine#3" [stack: 0x000000e098d00000,0x000000e098e00000] [id=11376]
  0x0000025a0c51b000 ConcurrentGCThread "G1 Young RemSet Sampling" [stack: 0x000000e099100000,0x000000e099200000] [id=10660]

Threads with active compile tasks:

VM state:at safepoint (normal execution)

VM Mutex/Monitor currently owned by a thread:  ([mutex/lock_event])
[0x0000025a0c4dadb0] Threads_lock - owner thread: 0x0000025a2bfff800
[0x0000025a0c4daff0] Heap_lock - owner thread: 0x0000025a0c4dc000

Heap address: 0x0000000081a00000, size: 2022 MB, Compressed Oops mode: 32-bit
Narrow klass base: 0x0000000000000000, Narrow klass shift: 3
Compressed class space size: 1073741824 Address: 0x0000000100000000

Heap:
 garbage-first heap   total 296960K, used 3416K [0x0000000081a00000, 0x0000000081b00910, 0x0000000100000000)
  region size 1024K, 2 young (2048K), 2 survivors (2048K)
 Metaspace       used 7320K, capacity 7924K, committed 8064K, reserved 1056768K
  class space    used 728K, capacity 823K, committed 896K, reserved 1048576K
Heap Regions: E=young(eden), S=young(survivor), O=old, HS=humongous(starts), HC=humongous(continues), CS=collection set, F=free, A=archive, TS=gc time stamp, AC=allocation context, TAMS=top-at-mark-start (previous, next)
|   0|0x0000000081a00000, 0x0000000081b00000, 0x0000000081b00000|100%| O|  |TS 31|AC  0|TAMS 0x0000000081a00000, 0x0000000081a00000|
|   1|0x0000000081b00000, 0x0000000081bda800, 0x0000000081c00000| 85%| O|  |TS 39|AC  0|TAMS 0x0000000081b00000, 0x0000000081b00000|
|   2|0x0000000081c00000, 0x0000000081c00000, 0x0000000081d00000|  0%| F|  |TS 39|AC  0|TAMS 0x0000000081c00000, 0x0000000081c00000|
|   3|0x0000000081d00000, 0x0000000081d00000, 0x0000000081e00000|  0%| F|  |TS 39|AC  0|TAMS 0x0000000081d00000, 0x0000000081d00000|
|   4|0x0000000081e00000, 0x0000000081e00000, 0x0000000081f00000|  0%| F|  |TS 37|AC  0|TAMS 0x0000000081e00000, 0x0000000081e00000|
|   5|0x0000000081f00000, 0x0000000081f00000, 0x0000000082000000|  0%| F|  |TS 37|AC  0|TAMS 0x0000000081f00000, 0x0000000081f00000|
|   6|0x0000000082000000, 0x0000000082000000, 0x0000000082100000|  0%| F|  |TS  0|AC  0|TAMS 0x0000000082000000, 0x0000000082000000|
|   7|0x0000000082100000, 0x0000000082100000, 0x0000000082200000|  0%| F|  |TS  0|AC  0|TAMS 0x0000000082100000, 0x0000000082100000|
|   8|0x0000000082200000, 0x0000000082200000, 0x0000000082300000|  0%| F|  |TS  0|AC  0|TAMS 0x0000000082200000, 0x0000000082200000|
|   9|0x0000000082300000, 0x0000000082300000, 0x0000000082400000|  0%| F|  |TS  0|AC  0|TAMS 0x0000000082300000, 0x0000000082300000|
|  10|0x0000000082400000, 0x0000000082400000, 0x0000000082500000|  0%| F|  |TS  0|AC  0|TAMS 0x0000000082400000, 0x0000000082400000|
|  11|0x0000000082500000, 0x0000000082500000, 0x0000000082600000|  0%| F|  |TS  0|AC  0|TAMS 0x0000000082500000, 0x0000000082500000|
|  12|0x0000000082600000, 0x0000000082600000, 0x0000000082700000|  0%| F|  |TS  0|AC  0|TAMS 0x0000000082600000, 0x0000000082600000|
|  13|0x0000000082700000, 0x0000000082700000, 0x0000000082800000|  0%| F|  |TS  0|AC  0|TAMS 0x0000000082700000, 0x0000000082700000|
|  14|0x0000000082800000, 0x0000000082800000, 0x0000000082900000|  0%| F|  |TS  0|AC  0|TAMS 0x0000000082800000, 0x0000000082800000|
|  15|0x0000000082900000, 0x0000000082900000, 0x0000000082a00000|  0%| F|  |TS  0|AC  0|TAMS 0x0000000082900000, 0x0000000082900000|
|  16|0x0000000082a00000, 0x0000000082a00000, 0x0000000082b00000|  0%| F|  |TS  0|AC  0|TAMS 0x0000000082a00000, 0x0000000082a00000|
|  17|0x0000000082b00000, 0x0000000082b00000, 0x0000000082c00000|  0%| F|  |TS  0|AC  0|TAMS 0x0000000082b00000, 0x0000000082b00000|
|  18|0x0000000082c00000, 0x0000000082c00000, 0x0000000082d00000|  0%| F|  |TS  0|AC  0|TAMS 0x0000000082c00000, 0x0000000082c00000|
|  19|0x0000000082d00000, 0x0000000082d00000, 0x0000000082e00000|  0%| F|  |TS  0|AC  0|TAMS 0x0000000082d00000, 0x0000000082d00000|
|  20|0x0000000082e00000, 0x0000000082e00000, 0x0000000082f00000|  0%| F|  |TS  0|AC  0|TAMS 0x0000000082e00000, 0x0000000082e00000|
|  21|0x0000000082f00000, 0x0000000082f00000, 0x0000000083000000|  0%| F|  |TS  0|AC  0|TAMS 0x0000000082f00000, 0x0000000082f00000|
|  22|0x0000000083000000, 0x0000000083000000, 0x0000000083100000|  0%| F|  |TS  0|AC  0|TAMS 0x0000000083000000, 0x0000000083000000|
|  23|0x0000000083100000, 0x0000000083100000, 0x0000000083200000|  0%| F|  |TS  0|AC  0|TAMS 0x0000000083100000, 0x0000000083100000|
|  24|0x0000000083200000, 0x0000000083200000, 0x0000000083300000|  0%| F|  |TS  0|AC  0|TAMS 0x0000000083200000, 0x0000000083200000|
|  25|0x0000000083300000, 0x0000000083300000, 0x0000000083400000|  0%| F|  |TS  0|AC  0|TAMS 0x0000000083300000, 0x0000000083300000|
|  26|0x0000000083400000, 0x0000000083400000, 0x0000000083500000|  0%| F|  |TS  0|AC  0|TAMS 0x0000000083400000, 0x0000000083400000|
|  27|0x0000000083500000, 0x0000000083500000, 0x0000000083600000|  0%| F|  |TS  0|AC  0|TAMS 0x0000000083500000, 0x0000000083500000|
|  28|0x0000000083600000, 0x0000000083600000, 0x0000000083700000|  0%| F|  |TS  0|AC  0|TAMS 0x0000000083600000, 0x0000000083600000|
|  29|0x0000000083700000, 0x0000000083700000, 0x0000000083800000|  0%| F|  |TS  0|AC  0|TAMS 0x0000000083700000, 0x0000000083700000|
|  30|0x0000000083800000, 0x0000000083800000, 0x0000000083900000|  0%| F|  |TS  0|AC  0|TAMS 0x0000000083800000, 0x0000000083800000|
|  31|0x0000000083900000, 0x0000000083900000, 0x0000000083a00000|  0%| F|  |TS  0|AC  0|TAMS 0x0000000083900000, 0x0000000083900000|
|  32|0x0000000083a00000, 0x0000000083a00000, 0x0000000083b00000|  0%| F|  |TS  0|AC  0|TAMS 0x0000000083a00000, 0x0000000083a00000|
|  33|0x0000000083b00000, 0x0000000083b00000, 0x0000000083c00000|  0%| F|  |TS  0|AC  0|TAMS 0x0000000083b00000, 0x0000000083b00000|
|  34|0x0000000083c00000, 0x0000000083c00000, 0x0000000083d00000|  0%| F|  |TS  0|AC  0|TAMS 0x0000000083c00000, 0x0000000083c00000|
|  35|0x0000000083d00000, 0x0000000083d00000, 0x0000000083e00000|  0%| F|  |TS  0|AC  0|TAMS 0x0000000083d00000, 0x0000000083d00000|
|  36|0x0000000083e00000, 0x0000000083e00000, 0x0000000083f00000|  0%| F|  |TS  0|AC  0|TAMS 0x0000000083e00000, 0x0000000083e00000|
|  37|0x0000000083f00000, 0x0000000083f00000, 0x0000000084000000|  0%| F|  |TS  0|AC  0|TAMS 0x0000000083f00000, 0x0000000083f00000|
|  38|0x0000000084000000, 0x0000000084000000, 0x0000000084100000|  0%| F|  |TS  0|AC  0|TAMS 0x0000000084000000, 0x0000000084000000|
|  39|0x0000000084100000, 0x0000000084100000, 0x0000000084200000|  0%| F|  |TS  0|AC  0|TAMS 0x0000000084100000, 0x0000000084100000|
|  40|0x0000000084200000, 0x0000000084200000, 0x0000000084300000|  0%| F|  |TS  0|AC  0|TAMS 0x0000000084200000, 0x0000000084200000|
|  41|0x0000000084300000, 0x0000000084300000, 0x0000000084400000|  0%| F|  |TS  0|AC  0|TAMS 0x0000000084300000, 0x0000000084300000|
|  42|0x0000000084400000, 0x0000000084400000, 0x0000000084500000|  0%| F|  |TS  0|AC  0|TAMS 0x0000000084400000, 0x0000000084400000|
|  43|0x0000000084500000, 0x0000000084500000, 0x0000000084600000|  0%| F|  |TS  0|AC  0|TAMS 0x0000000084500000, 0x0000000084500000|
|  44|0x0000000084600000, 0x0000000084600000, 0x0000000084700000|  0%| F|  |TS  0|AC  0|TAMS 0x0000000084600000, 0x0000000084600000|
|  45|0x0000000084700000, 0x0000000084700000, 0x0000000084800000|  0%| F|  |TS  0|AC  0|TAMS 0x0000000084700000, 0x0000000084700000|
|  46|0x0000000084800000, 0x0000000084800000, 0x0000000084900000|  0%| F|  |TS  0|AC  0|TAMS 0x0000000084800000, 0x0000000084800000|
|  47|0x0000000084900000, 0x0000000084900000, 0x0000000084a00000|  0%| F|  |TS  0|AC  0|TAMS 0x0000000084900000, 0x0000000084900000|
|  48|0x0000000084a00000, 0x0000000084a00000, 0x0000000084b00000|  0%| F|  |TS  0|AC  0|TAMS 0x0000000084a00000, 0x0000000084a00000|
|  49|0x0000000084b00000, 0x0000000084b00000, 0x0000000084c00000|  0%| F|  |TS  0|AC  0|TAMS 0x0000000084b00000, 0x0000000084b00000|
|  50|0x0000000084c00000, 0x0000000084c00000, 0x0000000084d00000|  0%| F|  |TS 25|AC  0|TAMS 0x0000000084c00000, 0x0000000084c00000|
|  51|0x0000000084d00000, 0x0000000084d00000, 0x0000000084e00000|  0%| F|  |TS 25|AC  0|TAMS 0x0000000084d00000, 0x0000000084d00000|
|  52|0x0000000084e00000, 0x0000000084e00000, 0x0000000084f00000|  0%| F|  |TS 23|AC  0|TAMS 0x0000000084e00000, 0x0000000084e00000|
|  53|0x0000000084f00000, 0x0000000084f00000, 0x0000000085000000|  0%| F|  |TS 23|AC  0|TAMS 0x0000000084f00000, 0x0000000084f00000|
|  54|0x0000000085000000, 0x0000000085000000, 0x0000000085100000|  0%| F|  |TS 23|AC  0|TAMS 0x0000000085000000, 0x0000000085000000|
|  55|0x0000000085100000, 0x0000000085100000, 0x0000000085200000|  0%| F|  |TS 23|AC  0|TAMS 0x0000000085100000, 0x0000000085100000|
|  56|0x0000000085200000, 0x0000000085200000, 0x0000000085300000|  0%| F|  |TS 23|AC  0|TAMS 0x0000000085200000, 0x0000000085200000|
|  57|0x0000000085300000, 0x0000000085300000, 0x0000000085400000|  0%| F|  |TS 23|AC  0|TAMS 0x0000000085300000, 0x0000000085300000|
|  58|0x0000000085400000, 0x0000000085400000, 0x0000000085500000|  0%| F|  |TS 23|AC  0|TAMS 0x0000000085400000, 0x0000000085400000|
|  59|0x0000000085500000, 0x0000000085500000, 0x0000000085600000|  0%| F|  |TS 31|AC  0|TAMS 0x0000000085500000, 0x0000000085500000|
|  60|0x0000000085600000, 0x0000000085600000, 0x0000000085700000|  0%| F|  |TS 29|AC  0|TAMS 0x0000000085600000, 0x0000000085600000|
|  61|0x0000000085700000, 0x0000000085700000, 0x0000000085800000|  0%| F|  |TS 29|AC  0|TAMS 0x0000000085700000, 0x0000000085700000|
|  62|0x0000000085800000, 0x0000000085800000, 0x0000000085900000|  0%| F|  |TS 31|AC  0|TAMS 0x0000000085800000, 0x0000000085800000|
|  63|0x0000000085900000, 0x0000000085900000, 0x0000000085a00000|  0%| F|  |TS 31|AC  0|TAMS 0x0000000085900000, 0x0000000085900000|
|  64|0x0000000085a00000, 0x0000000085a00000, 0x0000000085b00000|  0%| F|  |TS 33|AC  0|TAMS 0x0000000085a00000, 0x0000000085a00000|
|  65|0x0000000085b00000, 0x0000000085b00000, 0x0000000085c00000|  0%| F|  |TS 31|AC  0|TAMS 0x0000000085b00000, 0x0000000085b00000|
|  66|0x0000000085c00000, 0x0000000085c00000, 0x0000000085d00000|  0%| F|  |TS 31|AC  0|TAMS 0x0000000085c00000, 0x0000000085c00000|
|  67|0x0000000085d00000, 0x0000000085d00000, 0x0000000085e00000|  0%| F|  |TS 31|AC  0|TAMS 0x0000000085d00000, 0x0000000085d00000|
|  68|0x0000000085e00000, 0x0000000085e00000, 0x0000000085f00000|  0%| F|  |TS 31|AC  0|TAMS 0x0000000085e00000, 0x0000000085e00000|
|  69|0x0000000085f00000, 0x0000000085f00000, 0x0000000086000000|  0%| F|  |TS 31|AC  0|TAMS 0x0000000085f00000, 0x0000000085f00000|
|  70|0x0000000086000000, 0x0000000086000000, 0x0000000086100000|  0%| F|  |TS 31|AC  0|TAMS 0x0000000086000000, 0x0000000086000000|
|  71|0x0000000086100000, 0x0000000086100000, 0x0000000086200000|  0%| F|  |TS 31|AC  0|TAMS 0x0000000086100000, 0x0000000086100000|
|  72|0x0000000086200000, 0x0000000086200000, 0x0000000086300000|  0%| F|  |TS 39|AC  0|TAMS 0x0000000086200000, 0x0000000086200000|
|  73|0x0000000086300000, 0x000000008637bb00, 0x0000000086400000| 48%| S|CS|TS 39|AC  0|TAMS 0x0000000086300000, 0x0000000086300000|
|  74|0x0000000086400000, 0x0000000086400000, 0x0000000086500000|  0%| F|  |TS 39|AC  0|TAMS 0x0000000086400000, 0x0000000086400000|
|  75|0x0000000086500000, 0x0000000086600000, 0x0000000086600000|100%| S|CS|TS 39|AC  0|TAMS 0x0000000086500000, 0x0000000086500000|
|  76|0x0000000086600000, 0x0000000086600000, 0x0000000086700000|  0%| F|  |TS 39|AC  0|TAMS 0x0000000086600000, 0x0000000086600000|
|  77|0x0000000086700000, 0x0000000086700000, 0x0000000086800000|  0%| F|  |TS 39|AC  0|TAMS 0x0000000086700000, 0x0000000086700000|
|  78|0x0000000086800000, 0x0000000086800000, 0x0000000086900000|  0%| F|  |TS 39|AC  0|TAMS 0x0000000086800000, 0x0000000086800000|
|  79|0x0000000086900000, 0x0000000086900000, 0x0000000086a00000|  0%| F|  |TS 39|AC  0|TAMS 0x0000000086900000, 0x0000000086900000|
|  80|0x0000000086a00000, 0x0000000086a00000, 0x0000000086b00000|  0%| F|  |TS 39|AC  0|TAMS 0x0000000086a00000, 0x0000000086a00000|
|  81|0x0000000086b00000, 0x0000000086b00000, 0x0000000086c00000|  0%| F|  |TS 39|AC  0|TAMS 0x0000000086b00000, 0x0000000086b00000|
|  82|0x0000000086c00000, 0x0000000086c00000, 0x0000000086d00000|  0%| F|  |TS 39|AC  0|TAMS 0x0000000086c00000, 0x0000000086c00000|
|  83|0x0000000086d00000, 0x0000000086d00000, 0x0000000086e00000|  0%| F|  |TS 39|AC  0|TAMS 0x0000000086d00000, 0x0000000086d00000|
|  84|0x0000000086e00000, 0x0000000086e00000, 0x0000000086f00000|  0%| F|  |TS 39|AC  0|TAMS 0x0000000086e00000, 0x0000000086e00000|
|  85|0x0000000086f00000, 0x0000000086f00000, 0x0000000087000000|  0%| F|  |TS 39|AC  0|TAMS 0x0000000086f00000, 0x0000000086f00000|
|  86|0x0000000087000000, 0x0000000087000000, 0x0000000087100000|  0%| F|  |TS 39|AC  0|TAMS 0x0000000087000000, 0x0000000087000000|
|  87|0x0000000087100000, 0x0000000087100000, 0x0000000087200000|  0%| F|  |TS 39|AC  0|TAMS 0x0000000087100000, 0x0000000087100000|
|  88|0x0000000087200000, 0x0000000087200000, 0x0000000087300000|  0%| F|  |TS 39|AC  0|TAMS 0x0000000087200000, 0x0000000087200000|
|  89|0x0000000087300000, 0x0000000087300000, 0x0000000087400000|  0%| F|  |TS 39|AC  0|TAMS 0x0000000087300000, 0x0000000087300000|
|  90|0x0000000087400000, 0x0000000087400000, 0x0000000087500000|  0%| F|  |TS 39|AC  0|TAMS 0x0000000087400000, 0x0000000087400000|
|  91|0x0000000087500000, 0x0000000087500000, 0x0000000087600000|  0%| F|  |TS 39|AC  0|TAMS 0x0000000087500000, 0x0000000087500000|
|  92|0x0000000087600000, 0x0000000087600000, 0x0000000087700000|  0%| F|  |TS 39|AC  0|TAMS 0x0000000087600000, 0x0000000087600000|
|  93|0x0000000087700000, 0x0000000087700000, 0x0000000087800000|  0%| F|  |TS 39|AC  0|TAMS 0x0000000087700000, 0x0000000087700000|
|  94|0x0000000087800000, 0x0000000087800000, 0x0000000087900000|  0%| F|  |TS 39|AC  0|TAMS 0x0000000087800000, 0x0000000087800000|
|  95|0x0000000087900000, 0x0000000087900000, 0x0000000087a00000|  0%| F|  |TS 39|AC  0|TAMS 0x0000000087900000, 0x0000000087900000|
|  96|0x0000000087a00000, 0x0000000087a00000, 0x0000000087b00000|  0%| F|  |TS 39|AC  0|TAMS 0x0000000087a00000, 0x0000000087a00000|
|  97|0x0000000087b00000, 0x0000000087b00000, 0x0000000087c00000|  0%| F|  |TS 39|AC  0|TAMS 0x0000000087b00000, 0x0000000087b00000|
|  98|0x0000000087c00000, 0x0000000087c00000, 0x0000000087d00000|  0%| F|  |TS 39|AC  0|TAMS 0x0000000087c00000, 0x0000000087c00000|
|  99|0x0000000087d00000, 0x0000000087d00000, 0x0000000087e00000|  0%| F|  |TS 39|AC  0|TAMS 0x0000000087d00000, 0x0000000087d00000|
| 100|0x0000000087e00000, 0x0000000087e00000, 0x0000000087f00000|  0%| F|  |TS 39|AC  0|TAMS 0x0000000087e00000, 0x0000000087e00000|
| 101|0x0000000087f00000, 0x0000000087f00000, 0x0000000088000000|  0%| F|  |TS 39|AC  0|TAMS 0x0000000087f00000, 0x0000000087f00000|
| 102|0x0000000088000000, 0x0000000088000000, 0x0000000088100000|  0%| F|  |TS 39|AC  0|TAMS 0x0000000088000000, 0x0000000088000000|
| 103|0x0000000088100000, 0x0000000088100000, 0x0000000088200000|  0%| F|  |TS 39|AC  0|TAMS 0x0000000088100000, 0x0000000088100000|
| 104|0x0000000088200000, 0x0000000088200000, 0x0000000088300000|  0%| F|  |TS 39|AC  0|TAMS 0x0000000088200000, 0x0000000088200000|
| 105|0x0000000088300000, 0x0000000088300000, 0x0000000088400000|  0%| F|  |TS 39|AC  0|TAMS 0x0000000088300000, 0x0000000088300000|
| 106|0x0000000088400000, 0x0000000088400000, 0x0000000088500000|  0%| F|  |TS 39|AC  0|TAMS 0x0000000088400000, 0x0000000088400000|
| 107|0x0000000088500000, 0x0000000088500000, 0x0000000088600000|  0%| F|  |TS 39|AC  0|TAMS 0x0000000088500000, 0x0000000088500000|
| 108|0x0000000088600000, 0x0000000088600000, 0x0000000088700000|  0%| F|  |TS 39|AC  0|TAMS 0x0000000088600000, 0x0000000088600000|
| 109|0x0000000088700000, 0x0000000088700000, 0x0000000088800000|  0%| F|  |TS 39|AC  0|TAMS 0x0000000088700000, 0x0000000088700000|
| 110|0x0000000088800000, 0x0000000088800000, 0x0000000088900000|  0%| F|  |TS 39|AC  0|TAMS 0x0000000088800000, 0x0000000088800000|
| 111|0x0000000088900000, 0x0000000088900000, 0x0000000088a00000|  0%| F|  |TS 39|AC  0|TAMS 0x0000000088900000, 0x0000000088900000|
| 112|0x0000000088a00000, 0x0000000088a00000, 0x0000000088b00000|  0%| F|  |TS 39|AC  0|TAMS 0x0000000088a00000, 0x0000000088a00000|
| 113|0x0000000088b00000, 0x0000000088b00000, 0x0000000088c00000|  0%| F|  |TS 39|AC  0|TAMS 0x0000000088b00000, 0x0000000088b00000|
| 114|0x0000000088c00000, 0x0000000088c00000, 0x0000000088d00000|  0%| F|  |TS 39|AC  0|TAMS 0x0000000088c00000, 0x0000000088c00000|
| 115|0x0000000088d00000, 0x0000000088d00000, 0x0000000088e00000|  0%| F|  |TS 39|AC  0|TAMS 0x0000000088d00000, 0x0000000088d00000|
| 116|0x0000000088e00000, 0x0000000088e00000, 0x0000000088f00000|  0%| F|  |TS 39|AC  0|TAMS 0x0000000088e00000, 0x0000000088e00000|
| 117|0x0000000088f00000, 0x0000000088f00000, 0x0000000089000000|  0%| F|  |TS 39|AC  0|TAMS 0x0000000088f00000, 0x0000000088f00000|
| 118|0x0000000089000000, 0x0000000089000000, 0x0000000089100000|  0%| F|  |TS 39|AC  0|TAMS 0x0000000089000000, 0x0000000089000000|
| 119|0x0000000089100000, 0x0000000089100000, 0x0000000089200000|  0%| F|  |TS 39|AC  0|TAMS 0x0000000089100000, 0x0000000089100000|
| 120|0x0000000089200000, 0x0000000089200000, 0x0000000089300000|  0%| F|  |TS 39|AC  0|TAMS 0x0000000089200000, 0x0000000089200000|
| 121|0x0000000089300000, 0x0000000089300000, 0x0000000089400000|  0%| F|  |TS 39|AC  0|TAMS 0x0000000089300000, 0x0000000089300000|
| 122|0x0000000089400000, 0x0000000089400000, 0x0000000089500000|  0%| F|  |TS 39|AC  0|TAMS 0x0000000089400000, 0x0000000089400000|
| 123|0x0000000089500000, 0x0000000089500000, 0x0000000089600000|  0%| F|  |TS 39|AC  0|TAMS 0x0000000089500000, 0x0000000089500000|
| 124|0x0000000089600000, 0x0000000089600000, 0x0000000089700000|  0%| F|  |TS 39|AC  0|TAMS 0x0000000089600000, 0x0000000089600000|
| 125|0x0000000089700000, 0x0000000089700000, 0x0000000089800000|  0%| F|  |TS 39|AC  0|TAMS 0x0000000089700000, 0x0000000089700000|
| 126|0x0000000089800000, 0x0000000089800000, 0x0000000089900000|  0%| F|  |TS 39|AC  0|TAMS 0x0000000089800000, 0x0000000089800000|
| 127|0x0000000089900000, 0x0000000089900000, 0x0000000089a00000|  0%| F|  |TS 39|AC  0|TAMS 0x0000000089900000, 0x0000000089900000|
| 128|0x0000000089a00000, 0x0000000089a00000, 0x0000000089b00000|  0%| F|  |TS 39|AC  0|TAMS 0x0000000089a00000, 0x0000000089a00000|
| 129|0x0000000089b00000, 0x0000000089b00000, 0x0000000089c00000|  0%| F|  |TS 39|AC  0|TAMS 0x0000000089b00000, 0x0000000089b00000|
| 130|0x0000000089c00000, 0x0000000089c00000, 0x0000000089d00000|  0%| F|  |TS 39|AC  0|TAMS 0x0000000089c00000, 0x0000000089c00000|
| 131|0x0000000089d00000, 0x0000000089d00000, 0x0000000089e00000|  0%| F|  |TS 39|AC  0|TAMS 0x0000000089d00000, 0x0000000089d00000|
| 132|0x0000000089e00000, 0x0000000089e00000, 0x0000000089f00000|  0%| F|  |TS 39|AC  0|TAMS 0x0000000089e00000, 0x0000000089e00000|
| 133|0x0000000089f00000, 0x0000000089f00000, 0x000000008a000000|  0%| F|  |TS 39|AC  0|TAMS 0x0000000089f00000, 0x0000000089f00000|
| 134|0x000000008a000000, 0x000000008a000000, 0x000000008a100000|  0%| F|  |TS 39|AC  0|TAMS 0x000000008a000000, 0x000000008a000000|
| 135|0x000000008a100000, 0x000000008a100000, 0x000000008a200000|  0%| F|  |TS 39|AC  0|TAMS 0x000000008a100000, 0x000000008a100000|
| 136|0x000000008a200000, 0x000000008a200000, 0x000000008a300000|  0%| F|  |TS 39|AC  0|TAMS 0x000000008a200000, 0x000000008a200000|
| 137|0x000000008a300000, 0x000000008a300000, 0x000000008a400000|  0%| F|  |TS 39|AC  0|TAMS 0x000000008a300000, 0x000000008a300000|
| 138|0x000000008a400000, 0x000000008a400000, 0x000000008a500000|  0%| F|  |TS 39|AC  0|TAMS 0x000000008a400000, 0x000000008a400000|
| 139|0x000000008a500000, 0x000000008a500000, 0x000000008a600000|  0%| F|  |TS 39|AC  0|TAMS 0x000000008a500000, 0x000000008a500000|
| 140|0x000000008a600000, 0x000000008a600000, 0x000000008a700000|  0%| F|  |TS 39|AC  0|TAMS 0x000000008a600000, 0x000000008a600000|
| 141|0x000000008a700000, 0x000000008a700000, 0x000000008a800000|  0%| F|  |TS 39|AC  0|TAMS 0x000000008a700000, 0x000000008a700000|
| 142|0x000000008a800000, 0x000000008a800000, 0x000000008a900000|  0%| F|  |TS 39|AC  0|TAMS 0x000000008a800000, 0x000000008a800000|
| 143|0x000000008a900000, 0x000000008a900000, 0x000000008aa00000|  0%| F|  |TS 39|AC  0|TAMS 0x000000008a900000, 0x000000008a900000|
| 144|0x000000008aa00000, 0x000000008aa00000, 0x000000008ab00000|  0%| F|  |TS 39|AC  0|TAMS 0x000000008aa00000, 0x000000008aa00000|
| 145|0x000000008ab00000, 0x000000008ab00000, 0x000000008ac00000|  0%| F|  |TS 39|AC  0|TAMS 0x000000008ab00000, 0x000000008ab00000|
| 146|0x000000008ac00000, 0x000000008ac00000, 0x000000008ad00000|  0%| F|  |TS 39|AC  0|TAMS 0x000000008ac00000, 0x000000008ac00000|
| 147|0x000000008ad00000, 0x000000008ad00000, 0x000000008ae00000|  0%| F|  |TS 39|AC  0|TAMS 0x000000008ad00000, 0x000000008ad00000|
| 148|0x000000008ae00000, 0x000000008ae00000, 0x000000008af00000|  0%| F|  |TS 39|AC  0|TAMS 0x000000008ae00000, 0x000000008ae00000|
| 149|0x000000008af00000, 0x000000008af00000, 0x000000008b000000|  0%| F|  |TS 39|AC  0|TAMS 0x000000008af00000, 0x000000008af00000|
| 150|0x000000008b000000, 0x000000008b000000, 0x000000008b100000|  0%| F|  |TS 39|AC  0|TAMS 0x000000008b000000, 0x000000008b000000|
| 151|0x000000008b100000, 0x000000008b100000, 0x000000008b200000|  0%| F|  |TS 39|AC  0|TAMS 0x000000008b100000, 0x000000008b100000|
| 152|0x000000008b200000, 0x000000008b200000, 0x000000008b300000|  0%| F|  |TS 39|AC  0|TAMS 0x000000008b200000, 0x000000008b200000|
| 153|0x000000008b300000, 0x000000008b300000, 0x000000008b400000|  0%| F|  |TS 39|AC  0|TAMS 0x000000008b300000, 0x000000008b300000|
| 154|0x000000008b400000, 0x000000008b400000, 0x000000008b500000|  0%| F|  |TS 39|AC  0|TAMS 0x000000008b400000, 0x000000008b400000|
| 155|0x000000008b500000, 0x000000008b500000, 0x000000008b600000|  0%| F|  |TS 39|AC  0|TAMS 0x000000008b500000, 0x000000008b500000|
| 156|0x000000008b600000, 0x000000008b600000, 0x000000008b700000|  0%| F|  |TS 39|AC  0|TAMS 0x000000008b600000, 0x000000008b600000|
| 157|0x000000008b700000, 0x000000008b700000, 0x000000008b800000|  0%| F|  |TS 39|AC  0|TAMS 0x000000008b700000, 0x000000008b700000|
| 158|0x000000008b800000, 0x000000008b800000, 0x000000008b900000|  0%| F|  |TS 39|AC  0|TAMS 0x000000008b800000, 0x000000008b800000|
| 159|0x000000008b900000, 0x000000008b900000, 0x000000008ba00000|  0%| F|  |TS 39|AC  0|TAMS 0x000000008b900000, 0x000000008b900000|
| 160|0x000000008ba00000, 0x000000008ba00000, 0x000000008bb00000|  0%| F|  |TS 39|AC  0|TAMS 0x000000008ba00000, 0x000000008ba00000|
| 161|0x000000008bb00000, 0x000000008bb00000, 0x000000008bc00000|  0%| F|  |TS 39|AC  0|TAMS 0x000000008bb00000, 0x000000008bb00000|
| 162|0x000000008bc00000, 0x000000008bc00000, 0x000000008bd00000|  0%| F|  |TS 39|AC  0|TAMS 0x000000008bc00000, 0x000000008bc00000|
| 163|0x000000008bd00000, 0x000000008bd00000, 0x000000008be00000|  0%| F|  |TS 39|AC  0|TAMS 0x000000008bd00000, 0x000000008bd00000|
| 164|0x000000008be00000, 0x000000008be00000, 0x000000008bf00000|  0%| F|  |TS 39|AC  0|TAMS 0x000000008be00000, 0x000000008be00000|
| 165|0x000000008bf00000, 0x000000008bf00000, 0x000000008c000000|  0%| F|  |TS 39|AC  0|TAMS 0x000000008bf00000, 0x000000008bf00000|
| 166|0x000000008c000000, 0x000000008c000000, 0x000000008c100000|  0%| F|  |TS 39|AC  0|TAMS 0x000000008c000000, 0x000000008c000000|
| 167|0x000000008c100000, 0x000000008c100000, 0x000000008c200000|  0%| F|  |TS 39|AC  0|TAMS 0x000000008c100000, 0x000000008c100000|
| 168|0x000000008c200000, 0x000000008c200000, 0x000000008c300000|  0%| F|  |TS 39|AC  0|TAMS 0x000000008c200000, 0x000000008c200000|
| 169|0x000000008c300000, 0x000000008c300000, 0x000000008c400000|  0%| F|  |TS 39|AC  0|TAMS 0x000000008c300000, 0x000000008c300000|
| 170|0x000000008c400000, 0x000000008c400000, 0x000000008c500000|  0%| F|  |TS 39|AC  0|TAMS 0x000000008c400000, 0x000000008c400000|
| 171|0x000000008c500000, 0x000000008c500000, 0x000000008c600000|  0%| F|  |TS 39|AC  0|TAMS 0x000000008c500000, 0x000000008c500000|
| 172|0x000000008c600000, 0x000000008c600000, 0x000000008c700000|  0%| F|  |TS 39|AC  0|TAMS 0x000000008c600000, 0x000000008c600000|
| 173|0x000000008c700000, 0x000000008c700000, 0x000000008c800000|  0%| F|  |TS 39|AC  0|TAMS 0x000000008c700000, 0x000000008c700000|
| 174|0x000000008c800000, 0x000000008c800000, 0x000000008c900000|  0%| F|  |TS 39|AC  0|TAMS 0x000000008c800000, 0x000000008c800000|
| 175|0x000000008c900000, 0x000000008c900000, 0x000000008ca00000|  0%| F|  |TS 39|AC  0|TAMS 0x000000008c900000, 0x000000008c900000|
| 176|0x000000008ca00000, 0x000000008ca00000, 0x000000008cb00000|  0%| F|  |TS 39|AC  0|TAMS 0x000000008ca00000, 0x000000008ca00000|
| 177|0x000000008cb00000, 0x000000008cb00000, 0x000000008cc00000|  0%| F|  |TS 39|AC  0|TAMS 0x000000008cb00000, 0x000000008cb00000|
| 178|0x000000008cc00000, 0x000000008cc00000, 0x000000008cd00000|  0%| F|  |TS 39|AC  0|TAMS 0x000000008cc00000, 0x000000008cc00000|
| 179|0x000000008cd00000, 0x000000008cd00000, 0x000000008ce00000|  0%| F|  |TS 39|AC  0|TAMS 0x000000008cd00000, 0x000000008cd00000|
| 180|0x000000008ce00000, 0x000000008ce00000, 0x000000008cf00000|  0%| F|  |TS 39|AC  0|TAMS 0x000000008ce00000, 0x000000008ce00000|
| 181|0x000000008cf00000, 0x000000008cf00000, 0x000000008d000000|  0%| F|  |TS 39|AC  0|TAMS 0x000000008cf00000, 0x000000008cf00000|
| 182|0x000000008d000000, 0x000000008d000000, 0x000000008d100000|  0%| F|  |TS 39|AC  0|TAMS 0x000000008d000000, 0x000000008d000000|
| 183|0x000000008d100000, 0x000000008d100000, 0x000000008d200000|  0%| F|  |TS 39|AC  0|TAMS 0x000000008d100000, 0x000000008d100000|
| 184|0x000000008d200000, 0x000000008d200000, 0x000000008d300000|  0%| F|  |TS 39|AC  0|TAMS 0x000000008d200000, 0x000000008d200000|

Card table byte_map: [0x0000025a24a50000,0x0000025a24e50000] byte_map_base: 0x0000025a24643000

Marking Bits (Prev, Next): (CMBitMap*) 0x0000025a0c582c90, (CMBitMap*) 0x0000025a0c582cc8
 Prev Bits: [0x0000025a25250000, 0x0000025a271e8000)
 Next Bits: [0x0000025a271f0000, 0x0000025a29188000)

Polling page: 0x0000025a0c460000

CodeHeap 'non-profiled nmethods': size=120064Kb used=1238Kb max_used=1238Kb free=118825Kb
 bounds [0x0000025a1c7e0000, 0x0000025a1ca50000, 0x0000025a23d20000]
CodeHeap 'profiled nmethods': size=120000Kb used=1985Kb max_used=1985Kb free=118014Kb
 bounds [0x0000025a152b0000, 0x0000025a15520000, 0x0000025a1c7e0000]
CodeHeap 'non-nmethods': size=5696Kb used=1218Kb max_used=1319Kb free=4477Kb
 bounds [0x0000025a14d20000, 0x0000025a14f90000, 0x0000025a152b0000]
 total_blobs=2159 nmethods=1179 adapters=274
 compilation: enabled

Compilation events (10 events):
Event: 4.352 Thread 0x0000025a2c04f800 1179   !   4       jdk.internal.reflect.GeneratedMethodAccessor33::invoke (61 bytes)
Event: 4.353 Thread 0x0000025a2c04f800 nmethod 1179 0x0000025a1c914810 code [0x0000025a1c9149a0, 0x0000025a1c914a98]
Event: 4.422 Thread 0x0000025a2c053800 1180 %     4       java.util.ArrayDeque::grow @ 145 (165 bytes)
Event: 4.424 Thread 0x0000025a2c053800 nmethod 1180% 0x0000025a1c914c10 code [0x0000025a1c914da0, 0x0000025a1c914f58]
Event: 4.480 Thread 0x0000025a2c04f800 1181       4       java.util.ArrayDeque::grow (165 bytes)
Event: 4.489 Thread 0x0000025a2c04f800 nmethod 1181 0x0000025a1c915090 code [0x0000025a1c915240, 0x0000025a1c915948]
Event: 4.649 Thread 0x0000025a2c054000 1182 %     3       queue.AbstractQueue::filter @ 8 (49 bytes)
Event: 4.649 Thread 0x0000025a2c054000 nmethod 1182% 0x0000025a1549ec90 code [0x0000025a1549eea0, 0x0000025a1549f4a0]
Event: 4.649 Thread 0x0000025a2c054000 1183       3       queue.AbstractQueue::filter (49 bytes)
Event: 4.650 Thread 0x0000025a2c054000 nmethod 1183 0x0000025a1549f690 code [0x0000025a1549f8e0, 0x0000025a154a03b0]

GC Heap History (10 events):
Event: 3.947 GC heap after
{Heap after GC invocations=15 (full 0):
 garbage-first heap   total 157696K, used 2134K [0x0000000081a00000, 0x0000000081b004d0, 0x0000000100000000)
  region size 1024K, 3 young (3072K), 3 survivors (3072K)
 Metaspace       used 7274K, capacity 7810K, committed 8064K, reserved 1056768K
  class space    used 722K, capacity 814K, committed 896K, reserved 1048576K
}
Event: 4.081 GC heap before
{Heap before GC invocations=15 (full 0):
 garbage-first heap   total 157696K, used 93270K [0x0000000081a00000, 0x0000000081b004d0, 0x0000000100000000)
  region size 1024K, 92 young (94208K), 3 survivors (3072K)
 Metaspace       used 7274K, capacity 7810K, committed 8064K, reserved 1056768K
  class space    used 722K, capacity 814K, committed 896K, reserved 1048576K
}
Event: 4.089 GC heap after
{Heap after GC invocations=16 (full 0):
 garbage-first heap   total 189440K, used 2378K [0x0000000081a00000, 0x0000000081b005c8, 0x0000000100000000)
  region size 1024K, 1 young (1024K), 1 survivors (1024K)
 Metaspace       used 7274K, capacity 7810K, committed 8064K, reserved 1056768K
  class space    used 722K, capacity 814K, committed 896K, reserved 1048576K
}
Event: 4.283 GC heap before
{Heap before GC invocations=16 (full 0):
 garbage-first heap   total 189440K, used 115018K [0x0000000081a00000, 0x0000000081b005c8, 0x0000000100000000)
  region size 1024K, 111 young (113664K), 1 survivors (1024K)
 Metaspace       used 7275K, capacity 7810K, committed 8064K, reserved 1056768K
  class space    used 722K, capacity 814K, committed 896K, reserved 1048576K
}
Event: 4.291 GC heap after
{Heap after GC invocations=17 (full 0):
 garbage-first heap   total 189440K, used 2801K [0x0000000081a00000, 0x0000000081b005c8, 0x0000000100000000)
  region size 1024K, 1 young (1024K), 1 survivors (1024K)
 Metaspace       used 7275K, capacity 7810K, committed 8064K, reserved 1056768K
  class space    used 722K, capacity 814K, committed 896K, reserved 1048576K
}
Event: 4.459 GC heap before
{Heap before GC invocations=17 (full 0):
 garbage-first heap   total 189440K, used 115441K [0x0000000081a00000, 0x0000000081b005c8, 0x0000000100000000)
  region size 1024K, 111 young (113664K), 1 survivors (1024K)
 Metaspace       used 7318K, capacity 7924K, committed 8064K, reserved 1056768K
  class space    used 728K, capacity 823K, committed 896K, reserved 1048576K
}
Event: 4.467 GC heap after
{Heap after GC invocations=18 (full 0):
 garbage-first heap   total 189440K, used 2826K [0x0000000081a00000, 0x0000000081b005c8, 0x0000000100000000)
  region size 1024K, 1 young (1024K), 1 survivors (1024K)
 Metaspace       used 7318K, capacity 7924K, committed 8064K, reserved 1056768K
  class space    used 728K, capacity 823K, committed 896K, reserved 1048576K
}
Event: 4.609 GC heap before
{Heap before GC invocations=18 (full 0):
 garbage-first heap   total 189440K, used 119562K [0x0000000081a00000, 0x0000000081b005c8, 0x0000000100000000)
  region size 1024K, 111 young (113664K), 1 survivors (1024K)
 Metaspace       used 7318K, capacity 7924K, committed 8064K, reserved 1056768K
  class space    used 728K, capacity 823K, committed 896K, reserved 1048576K
}
Event: 4.622 GC heap after
{Heap after GC invocations=19 (full 0):
 garbage-first heap   total 189440K, used 3673K [0x0000000081a00000, 0x0000000081b005c8, 0x0000000100000000)
  region size 1024K, 2 young (2048K), 2 survivors (2048K)
 Metaspace       used 7318K, capacity 7924K, committed 8064K, reserved 1056768K
  class space    used 728K, capacity 823K, committed 896K, reserved 1048576K
}
Event: 4.795 GC heap before
{Heap before GC invocations=19 (full 0):
 garbage-first heap   total 189440K, used 117337K [0x0000000081a00000, 0x0000000081b005c8, 0x0000000100000000)
  region size 1024K, 111 young (113664K), 2 survivors (2048K)
 Metaspace       used 7320K, capacity 7924K, committed 8064K, reserved 1056768K
  class space    used 728K, capacity 823K, committed 896K, reserved 1048576K
}

Deoptimization events (10 events):
Event: 3.737 Thread 0x0000025a0c4dc000 Uncommon trap: reason=unstable_if action=reinterpret pc=0x0000025a1c88cd0c method=java.util.ArrayDeque.addLast(Ljava/lang/Object;)V @ 42 c2
Event: 3.739 Thread 0x0000025a0c4dc000 Uncommon trap: reason=unstable_if action=reinterpret pc=0x0000025a1c8d37c8 method=java.lang.Long.getChars(JI[B)I @ 90 c2
Event: 3.739 Thread 0x0000025a0c4dc000 Uncommon trap: reason=unstable_if action=reinterpret pc=0x0000025a1c8d1c20 method=java.lang.Long.getChars(JI[B)I @ 90 c2
Event: 3.739 Thread 0x0000025a0c4dc000 Uncommon trap: reason=unstable_if action=reinterpret pc=0x0000025a1c881e00 method=java.lang.Long.stringSize(J)I @ 30 c2
Event: 3.739 Thread 0x0000025a0c4dc000 Uncommon trap: reason=unstable_if action=reinterpret pc=0x0000025a1c883198 method=java.lang.Long.stringSize(J)I @ 30 c2
Event: 3.743 Thread 0x0000025a0c4dc000 Uncommon trap: reason=unstable_if action=reinterpret pc=0x0000025a1c8fcbc0 method=java.util.stream.SpinedBuffer.accept(Ljava/lang/Object;)V @ 9 c2
Event: 3.743 Thread 0x0000025a0c4dc000 Uncommon trap: reason=unstable_if action=reinterpret pc=0x0000025a1c8cefb8 method=java.util.stream.SpinedBuffer.ensureCapacity(J)V @ 8 c2
Event: 3.744 Thread 0x0000025a0c4dc000 Uncommon trap: reason=unstable_if action=reinterpret pc=0x0000025a1c893964 method=java.util.stream.AbstractSpinedBuffer.count()J @ 4 c2
Event: 3.786 Thread 0x0000025a0c4dc000 Uncommon trap: reason=unstable_if action=reinterpret pc=0x0000025a1c8d671c method=java.util.ArrayDeque.addLast(Ljava/lang/Object;)V @ 42 c2
Event: 4.299 Thread 0x0000025a0c4dc000 Uncommon trap: reason=unstable_if action=reinterpret pc=0x0000025a1c90301c method=queue.AbstractQueue.isEmpty()Z @ 4 c2

Classes redefined (0 events):
No events

Internal exceptions (10 events):
Event: 0.214 Thread 0x0000025a0c4dc000 Exception <a 'java/lang/NoSuchMethodError'{0x00000000897c44e8}: java.lang.Object.lambda$union$2(Ljava/util/regex/Pattern$CharPredicate;I)Z> (0x00000000897c44e8) thrown at [t:/workspace/hotspot/src/share/vm/interpreter/linkResolver.cpp, line 731]
Event: 0.226 Thread 0x0000025a0c4dc000 Exception <a 'java/lang/NoSuchMethodError'{0x00000000897dd298}: java.lang.invoke.DirectMethodHandle$Holder.invokeSpecial(Ljava/lang/Object;Ljava/lang/Object;Ljava/lang/Object;)I> (0x00000000897dd298) thrown at [t:/workspace/hotspot/src/share/vm/interprete
Event: 0.251 Thread 0x0000025a0c4dc000 Exception <a 'java/lang/NoSuchMethodError'{0x000000008961cb98}: java.lang.invoke.DirectMethodHandle$Holder.invokeVirtual(Ljava/lang/Object;Ljava/lang/Object;)I> (0x000000008961cb98) thrown at [t:/workspace/hotspot/src/share/vm/interpreter/linkResolver.cpp
Event: 0.285 Thread 0x0000025a0c4dc000 Exception <a 'java/lang/NoSuchMethodError'{0x000000008963b650}: java.lang.Object.lambda$isEqual$3(Ljava/lang/Object;Ljava/lang/Object;)Z> (0x000000008963b650) thrown at [t:/workspace/hotspot/src/share/vm/interpreter/linkResolver.cpp, line 731]
Event: 2.268 Thread 0x0000025a0c4dc000 Implicit null exception at 0x0000025a1c84cbf8 to 0x0000025a1c84e9cd
Event: 2.271 Thread 0x0000025a0c4dc000 Implicit null exception at 0x0000025a1c86c306 to 0x0000025a1c86c621
Event: 2.273 Thread 0x0000025a0c4dc000 Implicit null exception at 0x0000025a1c876a39 to 0x0000025a1c878d55
Event: 2.273 Thread 0x0000025a0c4dc000 Implicit null exception at 0x0000025a1c871623 to 0x0000025a1c873705
Event: 3.095 Thread 0x0000025a0c4dc000 Implicit null exception at 0x0000025a1c8af569 to 0x0000025a1c8b6201
Event: 3.097 Thread 0x0000025a0c4dc000 Implicit null exception at 0x0000025a1c89e0ef to 0x0000025a1c8a4bfd

Events (10 events):
Event: 4.301 loading class queue/AbstractQueue done
Event: 4.302 loading class queue/Queue
Event: 4.302 loading class queue/Queue done
Event: 4.304 loading class queue/LinkedQueue$Node
Event: 4.304 loading class queue/LinkedQueue$Node done
Event: 4.459 Executing VM operation: G1IncCollectionPause
Event: 4.467 Executing VM operation: G1IncCollectionPause done
Event: 4.609 Executing VM operation: G1IncCollectionPause
Event: 4.622 Executing VM operation: G1IncCollectionPause done
Event: 4.795 Executing VM operation: G1IncCollectionPause


Dynamic libraries:
0x00007ff6d6be0000 - 0x00007ff6d6c1e000 	C:\ProgramData\Oracle\Java\javapath\java.exe
0x00007ffe3f000000 - 0x00007ffe3f1c1000 	C:\WINDOWS\SYSTEM32\ntdll.dll
0x00007ffe3ef50000 - 0x00007ffe3effd000 	C:\WINDOWS\system32\KERNEL32.DLL
0x00007ffe20c40000 - 0x00007ffe20c74000 	C:\Program Files\AVAST Software\Avast\x64\aswhooka.dll
0x00007ffe3ba00000 - 0x00007ffe3bbe8000 	C:\WINDOWS\system32\KERNELBASE.dll
0x00007ffe3c590000 - 0x00007ffe3c637000 	C:\WINDOWS\system32\ADVAPI32.dll
0x00007ffe3c6b0000 - 0x00007ffe3c74d000 	C:\WINDOWS\system32\msvcrt.dll
0x00007ffe3c420000 - 0x00007ffe3c47b000 	C:\WINDOWS\system32\sechost.dll
0x00007ffe3c910000 - 0x00007ffe3ca2c000 	C:\WINDOWS\system32\RPCRT4.dll
0x00007ffe3d4e0000 - 0x00007ffe3d636000 	C:\WINDOWS\system32\USER32.dll
0x00007ffe3cef0000 - 0x00007ffe3d076000 	C:\WINDOWS\system32\GDI32.dll
0x00007ffe2f9b0000 - 0x00007ffe2fc24000 	C:\WINDOWS\WinSxS\amd64_microsoft.windows.common-controls_6595b64144ccf1df_6.0.10586.0_none_8c15ae12515e1c22\COMCTL32.dll
0x00007ffe3eba0000 - 0x00007ffe3ee1d000 	C:\WINDOWS\system32\combase.dll
0x00007ffe3c370000 - 0x00007ffe3c3da000 	C:\WINDOWS\system32\bcryptPrimitives.dll
0x00007ffe3b4e0000 - 0x00007ffe3b4ea000 	C:\WINDOWS\SYSTEM32\VERSION.dll
0x00007ffe3c3e0000 - 0x00007ffe3c41b000 	C:\WINDOWS\system32\IMM32.DLL
0x00007ffe3b4f0000 - 0x00007ffe3b526000 	C:\Windows\system32\nvinitx.dll
0x00007ffe16d70000 - 0x00007ffe16e5f000 	C:\Program Files\Java\jre-9.0.4\bin\msvcr120.dll
0x00007ffe17c00000 - 0x00007ffe17ca6000 	C:\Program Files\Java\jre-9.0.4\bin\msvcp120.dll
0x0000000055040000 - 0x0000000055a65000 	C:\Program Files\Java\jre-9.0.4\bin\server\jvm.dll
0x00007ffe3c750000 - 0x00007ffe3c758000 	C:\WINDOWS\system32\PSAPI.DLL
0x00007ffe2d9f0000 - 0x00007ffe2d9f9000 	C:\WINDOWS\SYSTEM32\WSOCK32.dll
0x00007ffe3c640000 - 0x00007ffe3c6ab000 	C:\WINDOWS\system32\WS2_32.dll
0x00007ffe397a0000 - 0x00007ffe397c3000 	C:\WINDOWS\SYSTEM32\WINMM.dll
0x00007ffe39740000 - 0x00007ffe3976c000 	C:\WINDOWS\SYSTEM32\WINMMBASE.dll
0x00007ffe3b750000 - 0x00007ffe3b793000 	C:\WINDOWS\system32\cfgmgr32.dll
0x00007ffe39c40000 - 0x00007ffe39c4f000 	C:\Program Files\Java\jre-9.0.4\bin\verify.dll
0x00007ffe30550000 - 0x00007ffe30577000 	C:\Program Files\Java\jre-9.0.4\bin\java.dll
0x00007ffe31ee0000 - 0x00007ffe31ef6000 	C:\Program Files\Java\jre-9.0.4\bin\zip.dll
0x00007ffe39bd0000 - 0x00007ffe39bda000 	C:\Program Files\Java\jre-9.0.4\bin\jimage.dll
0x00007ffe3d640000 - 0x00007ffe3eb9f000 	C:\WINDOWS\system32\SHELL32.dll
0x00007ffe3bbf0000 - 0x00007ffe3c234000 	C:\WINDOWS\system32\windows.storage.dll
0x00007ffe3d220000 - 0x00007ffe3d272000 	C:\WINDOWS\system32\shlwapi.dll
0x00007ffe3b670000 - 0x00007ffe3b67f000 	C:\WINDOWS\system32\kernel.appcore.dll
0x00007ffe3b690000 - 0x00007ffe3b745000 	C:\WINDOWS\system32\shcore.dll
0x00007ffe3b620000 - 0x00007ffe3b66b000 	C:\WINDOWS\system32\powrprof.dll
0x00007ffe3b600000 - 0x00007ffe3b614000 	C:\WINDOWS\system32\profapi.dll
0x00007ffe31d90000 - 0x00007ffe31daa000 	C:\Program Files\Java\jre-9.0.4\bin\net.dll
0x00007ffe357b0000 - 0x00007ffe35878000 	C:\WINDOWS\SYSTEM32\WINHTTP.dll
0x00007ffe3ae80000 - 0x00007ffe3aedc000 	C:\WINDOWS\system32\mswsock.dll
0x00007ffe31ac0000 - 0x00007ffe31ad1000 	C:\Program Files\Java\jre-9.0.4\bin\nio.dll
0x00007ffe14680000 - 0x00007ffe1480c000 	C:\WINDOWS\SYSTEM32\dbghelp.dll

VM Arguments:
jvm_args: -ea 
java_command: QueueFunctionsTest.jar
java_class_path (initial): QueueFunctionsTest.jar
Launcher Type: SUN_STANDARD

Logging:
Log output configuration:
#0: stdout all=warning uptime,level,tags
#1: stderr all=off uptime,level,tags

Environment Variables:
JAVA_HOME=C:\Program Files\Java\jdk-9.0.4
PATH=C:\Python35\Lib\site-packages\PyQt5;C:\ProgramData\Oracle\Java\javapath;C:\WINDOWS\system32;C:\WINDOWS;C:\WINDOWS\System32\Wbem;C:\WINDOWS\System32\WindowsPowerShell\v1.0\;C:\Program Files\Java\jdk-9.0.4;C:\Users\MSI\AppData\Local\Programs\Python\Python36-32;C:\Users\MSI\AppData\Local\Programs\Python\Python36-32\Scripts;C:\Program Files (x86)\NVIDIA Corporation\PhysX\Common;C:\Program Files\Git\cmd;C:\Program Files\Microsoft VS Code\bin;C:\CMake\bin;C:\Program Files\Java\jre1.8.0_144\bin;C:\Program Files\Java\jdk1.8.0_181\bin;C:\MinGW\bin
USERNAME=MSI
OS=Windows_NT
PROCESSOR_IDENTIFIER=Intel64 Family 6 Model 58 Stepping 9, GenuineIntel



---------------  S Y S T E M  ---------------

OS: Windows 10 , 64 bit Build 10586 (10.0.10586.0)

CPU:total 4 (initial active 4) (2 cores per cpu, 2 threads per core) family 6 model 58 stepping 9, cmov, cx8, fxsr, mmx, sse, sse2, sse3, ssse3, sse4.1, sse4.2, popcnt, avx, aes, clmul, erms, ht, tsc, tscinvbit, tscinv

Memory: 4k page, physical 8274524k(1340292k free), swap 8274524k(108556k free)

vm_info: Java HotSpot(TM) 64-Bit Server VM (9.0.4+11) for windows-amd64 JRE (9.0.4+11), built on Dec 20 2017 02:18:54 by "mach5one" with MS VC++ 12.0 (VS2013)

END.
