#
# There is insufficient memory for the Java Runtime Environment to continue.
# Native memory allocation (mmap) failed to map 173015040 bytes for Failed to commit area from 0x0000000094e00000 to 0x000000009f300000 of length 173015040.
# Possible reasons:
#   The system is out of physical RAM or swap space
#   The process is running with CompressedOops enabled, and the Java Heap may be blocking the growth of the native heap
# Possible solutions:
#   Reduce memory load on the system
#   Increase physical memory or swap space
#   Check if swap backing store is full
#   Decrease Java heap size (-Xmx/-Xms)
#   Decrease number of Java threads
#   Decrease Java thread stack sizes (-Xss)
#   Set larger code cache with -XX:ReservedCodeCacheSize=
#   JVM is running with Unscaled Compressed Oops mode in which the Java heap is
#     placed in the first 4GB address space. The Java Heap base address is the
#     maximum limit for the native heap growth. Please use -XX:HeapBaseMinAddress
#     to set the Java Heap base and to place the Java Heap above 4GB virtual address.
# This output file may be truncated or incomplete.
#
#  Out of Memory Error (t:/workspace/hotspot/src/os/windows/vm/os_windows.cpp:3357), pid=3592, tid=4664
#
# JRE version: Java(TM) SE Runtime Environment (9.0+11) (build 9.0.4+11)
# Java VM: Java HotSpot(TM) 64-Bit Server VM (9.0.4+11, mixed mode, tiered, compressed oops, g1 gc, windows-amd64)
# No core dump will be written. Minidumps are not enabled by default on client versions of Windows
#

---------------  S U M M A R Y ------------

Command Line: -ea QueueToArrayTest.jar

Host: Intel(R) Core(TM) i5-3230M CPU @ 2.60GHz, 4 cores, 7G,  Windows 10 , 64 bit Build 10586 (10.0.10586.0)
Time: Tue Nov 27 00:28:44 2018 RTZ 2 (ceia) elapsed time: 4 seconds (0d 0h 0m 4s)

---------------  T H R E A D  ---------------

Current thread (0x00000241466a9000):  VMThread "VM Thread" [stack: 0x0000005652300000,0x0000005652400000] [id=4664]

Stack: [0x0000005652300000,0x0000005652400000]
[error occurred during error reporting (printing stack bounds), id 0xe0000002]

Native frames: (J=compiled Java code, j=interpreted, Vv=VM code, C=native code)
V  [jvm.dll+0x587068]
V  [jvm.dll+0x69c25e]
V  [jvm.dll+0x69d17a]
V  [jvm.dll+0x69cd05]
V  [jvm.dll+0x69d71b]
V  [jvm.dll+0x5868c6]
V  [jvm.dll+0x586c98]
C  [ntdll.dll+0xa97fd]
C  [ntdll.dll+0x34c99]
C  [ntdll.dll+0xa890a]
C  0x000002412f330e2a

VM_Operation (0x00000056517fefd0): G1IncCollectionPause, mode: safepoint, requested by thread 0x0000024126b0c800


---------------  P R O C E S S  ---------------

Java Threads: ( => current thread )
  0x00000241469c5000 JavaThread "Service Thread" daemon [_thread_blocked, id=3356, stack(0x0000005652d00000,0x0000005652e00000)]
  0x00000241467c4800 JavaThread "Common-Cleaner" daemon [_thread_blocked, id=6496, stack(0x0000005652c00000,0x0000005652d00000)]
  0x00000241466d9000 JavaThread "Sweeper thread" daemon [_thread_blocked, id=4660, stack(0x0000005652b00000,0x0000005652c00000)]
  0x00000241466d2800 JavaThread "C1 CompilerThread2" daemon [_thread_blocked, id=7244, stack(0x0000005652a00000,0x0000005652b00000)]
  0x00000241466d0000 JavaThread "C2 CompilerThread1" daemon [_thread_blocked, id=12140, stack(0x0000005652900000,0x0000005652a00000)]
  0x00000241466cb000 JavaThread "C2 CompilerThread0" daemon [_thread_blocked, id=10544, stack(0x0000005652800000,0x0000005652900000)]
  0x00000241466ca000 JavaThread "Attach Listener" daemon [_thread_blocked, id=11556, stack(0x0000005652700000,0x0000005652800000)]
  0x00000241466b7800 JavaThread "Signal Dispatcher" daemon [_thread_blocked, id=2108, stack(0x0000005652600000,0x0000005652700000)]
  0x00000241466c2000 JavaThread "Finalizer" daemon [_thread_blocked, id=3644, stack(0x0000005652500000,0x0000005652600000)]
  0x0000024146682800 JavaThread "Reference Handler" daemon [_thread_blocked, id=9172, stack(0x0000005652400000,0x0000005652500000)]
  0x0000024126b0c800 JavaThread "main" [_thread_blocked, id=9612, stack(0x0000005651700000,0x0000005651800000)]

Other Threads:
=>0x00000241466a9000 VMThread "VM Thread" [stack: 0x0000005652300000,0x0000005652400000] [id=4664]
  0x00000241469c7800 WatcherThread [stack: 0x0000005652e00000,0x0000005652f00000] [id=6844]
  0x0000024126b23800 GCTaskThread "GC Thread#0" [stack: 0x0000005651800000,0x0000005651900000] [id=8816]
  0x0000024126b25000 GCTaskThread "GC Thread#1" [stack: 0x0000005651900000,0x0000005651a00000] [id=6180]
  0x0000024126b26800 GCTaskThread "GC Thread#2" [stack: 0x0000005651a00000,0x0000005651b00000] [id=2316]
  0x0000024126b2b000 GCTaskThread "GC Thread#3" [stack: 0x0000005651b00000,0x0000005651c00000] [id=12276]
  0x0000024126bb1000 ConcurrentGCThread "G1 Main Marker" [stack: 0x0000005652100000,0x0000005652200000] [id=10104]
  0x0000024126bb2000 ConcurrentGCThread "G1 Marker#0" [stack: 0x0000005652200000,0x0000005652300000] [id=4868]
  0x0000024126b3e800 ConcurrentGCThread "G1 Refine#0" [stack: 0x0000005651f00000,0x0000005652000000] [id=7928]
  0x0000024126b3f800 ConcurrentGCThread "G1 Refine#1" [stack: 0x0000005651e00000,0x0000005651f00000] [id=2280]
  0x0000024126b3b000 ConcurrentGCThread "G1 Refine#2" [stack: 0x0000005651d00000,0x0000005651e00000] [id=9640]
  0x0000024126b2f800 ConcurrentGCThread "G1 Refine#3" [stack: 0x0000005651c00000,0x0000005651d00000] [id=8796]
  0x0000024126b48800 ConcurrentGCThread "G1 Young RemSet Sampling" [stack: 0x0000005652000000,0x0000005652100000] [id=4944]

Threads with active compile tasks:

VM state:at safepoint (normal execution)

VM Mutex/Monitor currently owned by a thread:  ([mutex/lock_event])
[0x0000024126b0a070] Threads_lock - owner thread: 0x00000241466a9000
[0x0000024126b0a730] Heap_lock - owner thread: 0x0000024126b0c800

Heap address: 0x0000000081a00000, size: 2022 MB, Compressed Oops mode: 32-bit
Narrow klass base: 0x0000000000000000, Narrow klass shift: 3
Compressed class space size: 1073741824 Address: 0x0000000100000000

Heap:
 garbage-first heap   total 484352K, used 2414K [0x0000000081a00000, 0x0000000081b00ec8, 0x0000000100000000)
  region size 1024K, 1 young (1024K), 1 survivors (1024K)
 Metaspace       used 7745K, capacity 8482K, committed 8576K, reserved 1056768K
  class space    used 771K, capacity 850K, committed 896K, reserved 1048576K
Heap Regions: E=young(eden), S=young(survivor), O=old, HS=humongous(starts), HC=humongous(continues), CS=collection set, F=free, A=archive, TS=gc time stamp, AC=allocation context, TAMS=top-at-mark-start (previous, next)
|   0|0x0000000081a00000, 0x0000000081b00000, 0x0000000081b00000|100%| O|  |TS 31|AC  0|TAMS 0x0000000081a00000, 0x0000000081a00000|
|   1|0x0000000081b00000, 0x0000000081be6e00, 0x0000000081c00000| 90%| O|  |TS 43|AC  0|TAMS 0x0000000081b00000, 0x0000000081b00000|
|   2|0x0000000081c00000, 0x0000000081c00000, 0x0000000081d00000|  0%| F|  |TS 39|AC  0|TAMS 0x0000000081c00000, 0x0000000081c00000|
|   3|0x0000000081d00000, 0x0000000081d00000, 0x0000000081e00000|  0%| F|  |TS 39|AC  0|TAMS 0x0000000081d00000, 0x0000000081d00000|
|   4|0x0000000081e00000, 0x0000000081e00000, 0x0000000081f00000|  0%| F|  |TS 39|AC  0|TAMS 0x0000000081e00000, 0x0000000081e00000|
|   5|0x0000000081f00000, 0x0000000081f00000, 0x0000000082000000|  0%| F|  |TS 39|AC  0|TAMS 0x0000000081f00000, 0x0000000081f00000|
|   6|0x0000000082000000, 0x0000000082000000, 0x0000000082100000|  0%| F|  |TS 39|AC  0|TAMS 0x0000000082000000, 0x0000000082000000|
|   7|0x0000000082100000, 0x0000000082100000, 0x0000000082200000|  0%| F|  |TS 39|AC  0|TAMS 0x0000000082100000, 0x0000000082100000|
|   8|0x0000000082200000, 0x0000000082200000, 0x0000000082300000|  0%| F|  |TS 39|AC  0|TAMS 0x0000000082200000, 0x0000000082200000|
|   9|0x0000000082300000, 0x0000000082300000, 0x0000000082400000|  0%| F|  |TS 39|AC  0|TAMS 0x0000000082300000, 0x0000000082300000|
|  10|0x0000000082400000, 0x0000000082400000, 0x0000000082500000|  0%| F|  |TS 39|AC  0|TAMS 0x0000000082400000, 0x0000000082400000|
|  11|0x0000000082500000, 0x0000000082500000, 0x0000000082600000|  0%| F|  |TS 39|AC  0|TAMS 0x0000000082500000, 0x0000000082500000|
|  12|0x0000000082600000, 0x0000000082600000, 0x0000000082700000|  0%| F|  |TS 39|AC  0|TAMS 0x0000000082600000, 0x0000000082600000|
|  13|0x0000000082700000, 0x0000000082700000, 0x0000000082800000|  0%| F|  |TS 39|AC  0|TAMS 0x0000000082700000, 0x0000000082700000|
|  14|0x0000000082800000, 0x0000000082800000, 0x0000000082900000|  0%| F|  |TS 39|AC  0|TAMS 0x0000000082800000, 0x0000000082800000|
|  15|0x0000000082900000, 0x0000000082900000, 0x0000000082a00000|  0%| F|  |TS  0|AC  0|TAMS 0x0000000082900000, 0x0000000082900000|
|  16|0x0000000082a00000, 0x0000000082a00000, 0x0000000082b00000|  0%| F|  |TS  0|AC  0|TAMS 0x0000000082a00000, 0x0000000082a00000|
|  17|0x0000000082b00000, 0x0000000082b00000, 0x0000000082c00000|  0%| F|  |TS  0|AC  0|TAMS 0x0000000082b00000, 0x0000000082b00000|
|  18|0x0000000082c00000, 0x0000000082c00000, 0x0000000082d00000|  0%| F|  |TS  0|AC  0|TAMS 0x0000000082c00000, 0x0000000082c00000|
|  19|0x0000000082d00000, 0x0000000082d00000, 0x0000000082e00000|  0%| F|  |TS  0|AC  0|TAMS 0x0000000082d00000, 0x0000000082d00000|
|  20|0x0000000082e00000, 0x0000000082e00000, 0x0000000082f00000|  0%| F|  |TS  0|AC  0|TAMS 0x0000000082e00000, 0x0000000082e00000|
|  21|0x0000000082f00000, 0x0000000082f00000, 0x0000000083000000|  0%| F|  |TS  0|AC  0|TAMS 0x0000000082f00000, 0x0000000082f00000|
|  22|0x0000000083000000, 0x0000000083000000, 0x0000000083100000|  0%| F|  |TS  0|AC  0|TAMS 0x0000000083000000, 0x0000000083000000|
|  23|0x0000000083100000, 0x0000000083100000, 0x0000000083200000|  0%| F|  |TS  0|AC  0|TAMS 0x0000000083100000, 0x0000000083100000|
|  24|0x0000000083200000, 0x0000000083200000, 0x0000000083300000|  0%| F|  |TS  0|AC  0|TAMS 0x0000000083200000, 0x0000000083200000|
|  25|0x0000000083300000, 0x0000000083300000, 0x0000000083400000|  0%| F|  |TS  0|AC  0|TAMS 0x0000000083300000, 0x0000000083300000|
|  26|0x0000000083400000, 0x0000000083400000, 0x0000000083500000|  0%| F|  |TS  0|AC  0|TAMS 0x0000000083400000, 0x0000000083400000|
|  27|0x0000000083500000, 0x0000000083500000, 0x0000000083600000|  0%| F|  |TS  0|AC  0|TAMS 0x0000000083500000, 0x0000000083500000|
|  28|0x0000000083600000, 0x0000000083600000, 0x0000000083700000|  0%| F|  |TS  0|AC  0|TAMS 0x0000000083600000, 0x0000000083600000|
|  29|0x0000000083700000, 0x0000000083700000, 0x0000000083800000|  0%| F|  |TS  0|AC  0|TAMS 0x0000000083700000, 0x0000000083700000|
|  30|0x0000000083800000, 0x0000000083800000, 0x0000000083900000|  0%| F|  |TS  0|AC  0|TAMS 0x0000000083800000, 0x0000000083800000|
|  31|0x0000000083900000, 0x0000000083900000, 0x0000000083a00000|  0%| F|  |TS  0|AC  0|TAMS 0x0000000083900000, 0x0000000083900000|
|  32|0x0000000083a00000, 0x0000000083a00000, 0x0000000083b00000|  0%| F|  |TS  0|AC  0|TAMS 0x0000000083a00000, 0x0000000083a00000|
|  33|0x0000000083b00000, 0x0000000083b00000, 0x0000000083c00000|  0%| F|  |TS  0|AC  0|TAMS 0x0000000083b00000, 0x0000000083b00000|
|  34|0x0000000083c00000, 0x0000000083c00000, 0x0000000083d00000|  0%| F|  |TS  0|AC  0|TAMS 0x0000000083c00000, 0x0000000083c00000|
|  35|0x0000000083d00000, 0x0000000083d00000, 0x0000000083e00000|  0%| F|  |TS  0|AC  0|TAMS 0x0000000083d00000, 0x0000000083d00000|
|  36|0x0000000083e00000, 0x0000000083e00000, 0x0000000083f00000|  0%| F|  |TS  0|AC  0|TAMS 0x0000000083e00000, 0x0000000083e00000|
|  37|0x0000000083f00000, 0x0000000083f00000, 0x0000000084000000|  0%| F|  |TS  0|AC  0|TAMS 0x0000000083f00000, 0x0000000083f00000|
|  38|0x0000000084000000, 0x0000000084000000, 0x0000000084100000|  0%| F|  |TS  0|AC  0|TAMS 0x0000000084000000, 0x0000000084000000|
|  39|0x0000000084100000, 0x0000000084100000, 0x0000000084200000|  0%| F|  |TS  0|AC  0|TAMS 0x0000000084100000, 0x0000000084100000|
|  40|0x0000000084200000, 0x0000000084200000, 0x0000000084300000|  0%| F|  |TS  0|AC  0|TAMS 0x0000000084200000, 0x0000000084200000|
|  41|0x0000000084300000, 0x0000000084300000, 0x0000000084400000|  0%| F|  |TS  0|AC  0|TAMS 0x0000000084300000, 0x0000000084300000|
|  42|0x0000000084400000, 0x0000000084400000, 0x0000000084500000|  0%| F|  |TS  0|AC  0|TAMS 0x0000000084400000, 0x0000000084400000|
|  43|0x0000000084500000, 0x0000000084500000, 0x0000000084600000|  0%| F|  |TS  0|AC  0|TAMS 0x0000000084500000, 0x0000000084500000|
|  44|0x0000000084600000, 0x0000000084600000, 0x0000000084700000|  0%| F|  |TS  0|AC  0|TAMS 0x0000000084600000, 0x0000000084600000|
|  45|0x0000000084700000, 0x0000000084700000, 0x0000000084800000|  0%| F|  |TS  0|AC  0|TAMS 0x0000000084700000, 0x0000000084700000|
|  46|0x0000000084800000, 0x0000000084800000, 0x0000000084900000|  0%| F|  |TS  0|AC  0|TAMS 0x0000000084800000, 0x0000000084800000|
|  47|0x0000000084900000, 0x0000000084900000, 0x0000000084a00000|  0%| F|  |TS  0|AC  0|TAMS 0x0000000084900000, 0x0000000084900000|
|  48|0x0000000084a00000, 0x0000000084a00000, 0x0000000084b00000|  0%| F|  |TS  0|AC  0|TAMS 0x0000000084a00000, 0x0000000084a00000|
|  49|0x0000000084b00000, 0x0000000084b00000, 0x0000000084c00000|  0%| F|  |TS  0|AC  0|TAMS 0x0000000084b00000, 0x0000000084b00000|
|  50|0x0000000084c00000, 0x0000000084c00000, 0x0000000084d00000|  0%| F|  |TS 21|AC  0|TAMS 0x0000000084c00000, 0x0000000084c00000|
|  51|0x0000000084d00000, 0x0000000084d00000, 0x0000000084e00000|  0%| F|  |TS 21|AC  0|TAMS 0x0000000084d00000, 0x0000000084d00000|
|  52|0x0000000084e00000, 0x0000000084e00000, 0x0000000084f00000|  0%| F|  |TS 19|AC  0|TAMS 0x0000000084e00000, 0x0000000084e00000|
|  53|0x0000000084f00000, 0x0000000084f00000, 0x0000000085000000|  0%| F|  |TS 19|AC  0|TAMS 0x0000000084f00000, 0x0000000084f00000|
|  54|0x0000000085000000, 0x0000000085000000, 0x0000000085100000|  0%| F|  |TS 19|AC  0|TAMS 0x0000000085000000, 0x0000000085000000|
|  55|0x0000000085100000, 0x0000000085100000, 0x0000000085200000|  0%| F|  |TS 19|AC  0|TAMS 0x0000000085100000, 0x0000000085100000|
|  56|0x0000000085200000, 0x0000000085200000, 0x0000000085300000|  0%| F|  |TS 19|AC  0|TAMS 0x0000000085200000, 0x0000000085200000|
|  57|0x0000000085300000, 0x0000000085300000, 0x0000000085400000|  0%| F|  |TS 19|AC  0|TAMS 0x0000000085300000, 0x0000000085300000|
|  58|0x0000000085400000, 0x0000000085400000, 0x0000000085500000|  0%| F|  |TS 19|AC  0|TAMS 0x0000000085400000, 0x0000000085400000|
|  59|0x0000000085500000, 0x0000000085500000, 0x0000000085600000|  0%| F|  |TS 29|AC  0|TAMS 0x0000000085500000, 0x0000000085500000|
|  60|0x0000000085600000, 0x0000000085600000, 0x0000000085700000|  0%| F|  |TS 29|AC  0|TAMS 0x0000000085600000, 0x0000000085600000|
|  61|0x0000000085700000, 0x0000000085700000, 0x0000000085800000|  0%| F|  |TS 29|AC  0|TAMS 0x0000000085700000, 0x0000000085700000|
|  62|0x0000000085800000, 0x0000000085800000, 0x0000000085900000|  0%| F|  |TS 27|AC  0|TAMS 0x0000000085800000, 0x0000000085800000|
|  63|0x0000000085900000, 0x0000000085900000, 0x0000000085a00000|  0%| F|  |TS 27|AC  0|TAMS 0x0000000085900000, 0x0000000085900000|
|  64|0x0000000085a00000, 0x0000000085a00000, 0x0000000085b00000|  0%| F|  |TS 27|AC  0|TAMS 0x0000000085a00000, 0x0000000085a00000|
|  65|0x0000000085b00000, 0x0000000085b00000, 0x0000000085c00000|  0%| F|  |TS 27|AC  0|TAMS 0x0000000085b00000, 0x0000000085b00000|
|  66|0x0000000085c00000, 0x0000000085c00000, 0x0000000085d00000|  0%| F|  |TS 27|AC  0|TAMS 0x0000000085c00000, 0x0000000085c00000|
|  67|0x0000000085d00000, 0x0000000085d00000, 0x0000000085e00000|  0%| F|  |TS 27|AC  0|TAMS 0x0000000085d00000, 0x0000000085d00000|
|  68|0x0000000085e00000, 0x0000000085e00000, 0x0000000085f00000|  0%| F|  |TS 27|AC  0|TAMS 0x0000000085e00000, 0x0000000085e00000|
|  69|0x0000000085f00000, 0x0000000085f00000, 0x0000000086000000|  0%| F|  |TS 27|AC  0|TAMS 0x0000000085f00000, 0x0000000085f00000|
|  70|0x0000000086000000, 0x0000000086000000, 0x0000000086100000|  0%| F|  |TS 27|AC  0|TAMS 0x0000000086000000, 0x0000000086000000|
|  71|0x0000000086100000, 0x0000000086100000, 0x0000000086200000|  0%| F|  |TS 35|AC  0|TAMS 0x0000000086100000, 0x0000000086100000|
|  72|0x0000000086200000, 0x0000000086200000, 0x0000000086300000|  0%| F|  |TS 33|AC  0|TAMS 0x0000000086200000, 0x0000000086200000|
|  73|0x0000000086300000, 0x0000000086300000, 0x0000000086400000|  0%| F|  |TS 37|AC  0|TAMS 0x0000000086300000, 0x0000000086300000|
|  74|0x0000000086400000, 0x0000000086400000, 0x0000000086500000|  0%| F|  |TS 35|AC  0|TAMS 0x0000000086400000, 0x0000000086400000|
|  75|0x0000000086500000, 0x0000000086500000, 0x0000000086600000|  0%| F|  |TS 35|AC  0|TAMS 0x0000000086500000, 0x0000000086500000|
|  76|0x0000000086600000, 0x0000000086600000, 0x0000000086700000|  0%| F|  |TS 37|AC  0|TAMS 0x0000000086600000, 0x0000000086600000|
|  77|0x0000000086700000, 0x0000000086700000, 0x0000000086800000|  0%| F|  |TS 35|AC  0|TAMS 0x0000000086700000, 0x0000000086700000|
|  78|0x0000000086800000, 0x0000000086800000, 0x0000000086900000|  0%| F|  |TS 35|AC  0|TAMS 0x0000000086800000, 0x0000000086800000|
|  79|0x0000000086900000, 0x0000000086900000, 0x0000000086a00000|  0%| F|  |TS 35|AC  0|TAMS 0x0000000086900000, 0x0000000086900000|
|  80|0x0000000086a00000, 0x0000000086a00000, 0x0000000086b00000|  0%| F|  |TS 35|AC  0|TAMS 0x0000000086a00000, 0x0000000086a00000|
|  81|0x0000000086b00000, 0x0000000086b00000, 0x0000000086c00000|  0%| F|  |TS 35|AC  0|TAMS 0x0000000086b00000, 0x0000000086b00000|
|  82|0x0000000086c00000, 0x0000000086c00000, 0x0000000086d00000|  0%| F|  |TS 35|AC  0|TAMS 0x0000000086c00000, 0x0000000086c00000|
|  83|0x0000000086d00000, 0x0000000086d00000, 0x0000000086e00000|  0%| F|  |TS 35|AC  0|TAMS 0x0000000086d00000, 0x0000000086d00000|
|  84|0x0000000086e00000, 0x0000000086e00000, 0x0000000086f00000|  0%| F|  |TS 35|AC  0|TAMS 0x0000000086e00000, 0x0000000086e00000|
|  85|0x0000000086f00000, 0x0000000086f00000, 0x0000000087000000|  0%| F|  |TS 35|AC  0|TAMS 0x0000000086f00000, 0x0000000086f00000|
|  86|0x0000000087000000, 0x0000000087000000, 0x0000000087100000|  0%| F|  |TS 35|AC  0|TAMS 0x0000000087000000, 0x0000000087000000|
|  87|0x0000000087100000, 0x0000000087100000, 0x0000000087200000|  0%| F|  |TS 35|AC  0|TAMS 0x0000000087100000, 0x0000000087100000|
|  88|0x0000000087200000, 0x0000000087200000, 0x0000000087300000|  0%| F|  |TS 35|AC  0|TAMS 0x0000000087200000, 0x0000000087200000|
|  89|0x0000000087300000, 0x0000000087300000, 0x0000000087400000|  0%| F|  |TS 35|AC  0|TAMS 0x0000000087300000, 0x0000000087300000|
|  90|0x0000000087400000, 0x0000000087400000, 0x0000000087500000|  0%| F|  |TS 35|AC  0|TAMS 0x0000000087400000, 0x0000000087400000|
|  91|0x0000000087500000, 0x0000000087500000, 0x0000000087600000|  0%| F|  |TS 35|AC  0|TAMS 0x0000000087500000, 0x0000000087500000|
|  92|0x0000000087600000, 0x0000000087600000, 0x0000000087700000|  0%| F|  |TS 35|AC  0|TAMS 0x0000000087600000, 0x0000000087600000|
|  93|0x0000000087700000, 0x0000000087700000, 0x0000000087800000|  0%| F|  |TS 35|AC  0|TAMS 0x0000000087700000, 0x0000000087700000|
|  94|0x0000000087800000, 0x0000000087800000, 0x0000000087900000|  0%| F|  |TS 35|AC  0|TAMS 0x0000000087800000, 0x0000000087800000|
|  95|0x0000000087900000, 0x0000000087900000, 0x0000000087a00000|  0%| F|  |TS 35|AC  0|TAMS 0x0000000087900000, 0x0000000087900000|
|  96|0x0000000087a00000, 0x0000000087a00000, 0x0000000087b00000|  0%| F|  |TS 35|AC  0|TAMS 0x0000000087a00000, 0x0000000087a00000|
|  97|0x0000000087b00000, 0x0000000087b00000, 0x0000000087c00000|  0%| F|  |TS 35|AC  0|TAMS 0x0000000087b00000, 0x0000000087b00000|
|  98|0x0000000087c00000, 0x0000000087c00000, 0x0000000087d00000|  0%| F|  |TS 35|AC  0|TAMS 0x0000000087c00000, 0x0000000087c00000|
|  99|0x0000000087d00000, 0x0000000087d00000, 0x0000000087e00000|  0%| F|  |TS 35|AC  0|TAMS 0x0000000087d00000, 0x0000000087d00000|
| 100|0x0000000087e00000, 0x0000000087e00000, 0x0000000087f00000|  0%| F|  |TS 35|AC  0|TAMS 0x0000000087e00000, 0x0000000087e00000|
| 101|0x0000000087f00000, 0x0000000087f00000, 0x0000000088000000|  0%| F|  |TS 35|AC  0|TAMS 0x0000000087f00000, 0x0000000087f00000|
| 102|0x0000000088000000, 0x0000000088000000, 0x0000000088100000|  0%| F|  |TS 35|AC  0|TAMS 0x0000000088000000, 0x0000000088000000|
| 103|0x0000000088100000, 0x0000000088100000, 0x0000000088200000|  0%| F|  |TS 35|AC  0|TAMS 0x0000000088100000, 0x0000000088100000|
| 104|0x0000000088200000, 0x0000000088200000, 0x0000000088300000|  0%| F|  |TS 35|AC  0|TAMS 0x0000000088200000, 0x0000000088200000|
| 105|0x0000000088300000, 0x0000000088300000, 0x0000000088400000|  0%| F|  |TS 35|AC  0|TAMS 0x0000000088300000, 0x0000000088300000|
| 106|0x0000000088400000, 0x0000000088400000, 0x0000000088500000|  0%| F|  |TS 35|AC  0|TAMS 0x0000000088400000, 0x0000000088400000|
| 107|0x0000000088500000, 0x0000000088500000, 0x0000000088600000|  0%| F|  |TS 35|AC  0|TAMS 0x0000000088500000, 0x0000000088500000|
| 108|0x0000000088600000, 0x0000000088600000, 0x0000000088700000|  0%| F|  |TS 35|AC  0|TAMS 0x0000000088600000, 0x0000000088600000|
| 109|0x0000000088700000, 0x0000000088700000, 0x0000000088800000|  0%| F|  |TS 35|AC  0|TAMS 0x0000000088700000, 0x0000000088700000|
| 110|0x0000000088800000, 0x0000000088800000, 0x0000000088900000|  0%| F|  |TS 35|AC  0|TAMS 0x0000000088800000, 0x0000000088800000|
| 111|0x0000000088900000, 0x0000000088900000, 0x0000000088a00000|  0%| F|  |TS 35|AC  0|TAMS 0x0000000088900000, 0x0000000088900000|
| 112|0x0000000088a00000, 0x0000000088a00000, 0x0000000088b00000|  0%| F|  |TS 35|AC  0|TAMS 0x0000000088a00000, 0x0000000088a00000|
| 113|0x0000000088b00000, 0x0000000088b00000, 0x0000000088c00000|  0%| F|  |TS 35|AC  0|TAMS 0x0000000088b00000, 0x0000000088b00000|
| 114|0x0000000088c00000, 0x0000000088c00000, 0x0000000088d00000|  0%| F|  |TS 35|AC  0|TAMS 0x0000000088c00000, 0x0000000088c00000|
| 115|0x0000000088d00000, 0x0000000088d00000, 0x0000000088e00000|  0%| F|  |TS 35|AC  0|TAMS 0x0000000088d00000, 0x0000000088d00000|
| 116|0x0000000088e00000, 0x0000000088e00000, 0x0000000088f00000|  0%| F|  |TS 35|AC  0|TAMS 0x0000000088e00000, 0x0000000088e00000|
| 117|0x0000000088f00000, 0x0000000088f00000, 0x0000000089000000|  0%| F|  |TS 35|AC  0|TAMS 0x0000000088f00000, 0x0000000088f00000|
| 118|0x0000000089000000, 0x0000000089000000, 0x0000000089100000|  0%| F|  |TS 35|AC  0|TAMS 0x0000000089000000, 0x0000000089000000|
| 119|0x0000000089100000, 0x0000000089100000, 0x0000000089200000|  0%| F|  |TS 35|AC  0|TAMS 0x0000000089100000, 0x0000000089100000|
| 120|0x0000000089200000, 0x0000000089200000, 0x0000000089300000|  0%| F|  |TS 35|AC  0|TAMS 0x0000000089200000, 0x0000000089200000|
| 121|0x0000000089300000, 0x0000000089300000, 0x0000000089400000|  0%| F|  |TS 41|AC  0|TAMS 0x0000000089300000, 0x0000000089300000|
| 122|0x0000000089400000, 0x0000000089400000, 0x0000000089500000|  0%| F|  |TS 41|AC  0|TAMS 0x0000000089400000, 0x0000000089400000|
| 123|0x0000000089500000, 0x0000000089574c70, 0x0000000089600000| 45%| S|CS|TS 43|AC  0|TAMS 0x0000000089500000, 0x0000000089500000|
| 124|0x0000000089600000, 0x0000000089600000, 0x0000000089700000|  0%| F|  |TS 43|AC  0|TAMS 0x0000000089600000, 0x0000000089600000|
| 125|0x0000000089700000, 0x0000000089700000, 0x0000000089800000|  0%| F|  |TS 43|AC  0|TAMS 0x0000000089700000, 0x0000000089700000|
| 126|0x0000000089800000, 0x0000000089800000, 0x0000000089900000|  0%| F|  |TS 43|AC  0|TAMS 0x0000000089800000, 0x0000000089800000|
| 127|0x0000000089900000, 0x0000000089900000, 0x0000000089a00000|  0%| F|  |TS 43|AC  0|TAMS 0x0000000089900000, 0x0000000089900000|
| 128|0x0000000089a00000, 0x0000000089a00000, 0x0000000089b00000|  0%| F|  |TS 43|AC  0|TAMS 0x0000000089a00000, 0x0000000089a00000|
| 129|0x0000000089b00000, 0x0000000089b00000, 0x0000000089c00000|  0%| F|  |TS 43|AC  0|TAMS 0x0000000089b00000, 0x0000000089b00000|
| 130|0x0000000089c00000, 0x0000000089c00000, 0x0000000089d00000|  0%| F|  |TS 43|AC  0|TAMS 0x0000000089c00000, 0x0000000089c00000|
| 131|0x0000000089d00000, 0x0000000089d00000, 0x0000000089e00000|  0%| F|  |TS 43|AC  0|TAMS 0x0000000089d00000, 0x0000000089d00000|
| 132|0x0000000089e00000, 0x0000000089e00000, 0x0000000089f00000|  0%| F|  |TS 43|AC  0|TAMS 0x0000000089e00000, 0x0000000089e00000|
| 133|0x0000000089f00000, 0x0000000089f00000, 0x000000008a000000|  0%| F|  |TS 43|AC  0|TAMS 0x0000000089f00000, 0x0000000089f00000|
| 134|0x000000008a000000, 0x000000008a000000, 0x000000008a100000|  0%| F|  |TS 43|AC  0|TAMS 0x000000008a000000, 0x000000008a000000|
| 135|0x000000008a100000, 0x000000008a100000, 0x000000008a200000|  0%| F|  |TS 43|AC  0|TAMS 0x000000008a100000, 0x000000008a100000|
| 136|0x000000008a200000, 0x000000008a200000, 0x000000008a300000|  0%| F|  |TS 43|AC  0|TAMS 0x000000008a200000, 0x000000008a200000|
| 137|0x000000008a300000, 0x000000008a300000, 0x000000008a400000|  0%| F|  |TS 43|AC  0|TAMS 0x000000008a300000, 0x000000008a300000|
| 138|0x000000008a400000, 0x000000008a400000, 0x000000008a500000|  0%| F|  |TS 43|AC  0|TAMS 0x000000008a400000, 0x000000008a400000|
| 139|0x000000008a500000, 0x000000008a500000, 0x000000008a600000|  0%| F|  |TS 43|AC  0|TAMS 0x000000008a500000, 0x000000008a500000|
| 140|0x000000008a600000, 0x000000008a600000, 0x000000008a700000|  0%| F|  |TS 43|AC  0|TAMS 0x000000008a600000, 0x000000008a600000|
| 141|0x000000008a700000, 0x000000008a700000, 0x000000008a800000|  0%| F|  |TS 43|AC  0|TAMS 0x000000008a700000, 0x000000008a700000|
| 142|0x000000008a800000, 0x000000008a800000, 0x000000008a900000|  0%| F|  |TS 43|AC  0|TAMS 0x000000008a800000, 0x000000008a800000|
| 143|0x000000008a900000, 0x000000008a900000, 0x000000008aa00000|  0%| F|  |TS 43|AC  0|TAMS 0x000000008a900000, 0x000000008a900000|
| 144|0x000000008aa00000, 0x000000008aa00000, 0x000000008ab00000|  0%| F|  |TS 43|AC  0|TAMS 0x000000008aa00000, 0x000000008aa00000|
| 145|0x000000008ab00000, 0x000000008ab00000, 0x000000008ac00000|  0%| F|  |TS 43|AC  0|TAMS 0x000000008ab00000, 0x000000008ab00000|
| 146|0x000000008ac00000, 0x000000008ac00000, 0x000000008ad00000|  0%| F|  |TS 43|AC  0|TAMS 0x000000008ac00000, 0x000000008ac00000|
| 147|0x000000008ad00000, 0x000000008ad00000, 0x000000008ae00000|  0%| F|  |TS 43|AC  0|TAMS 0x000000008ad00000, 0x000000008ad00000|
| 148|0x000000008ae00000, 0x000000008ae00000, 0x000000008af00000|  0%| F|  |TS 43|AC  0|TAMS 0x000000008ae00000, 0x000000008ae00000|
| 149|0x000000008af00000, 0x000000008af00000, 0x000000008b000000|  0%| F|  |TS 43|AC  0|TAMS 0x000000008af00000, 0x000000008af00000|
| 150|0x000000008b000000, 0x000000008b000000, 0x000000008b100000|  0%| F|  |TS 43|AC  0|TAMS 0x000000008b000000, 0x000000008b000000|
| 151|0x000000008b100000, 0x000000008b100000, 0x000000008b200000|  0%| F|  |TS 43|AC  0|TAMS 0x000000008b100000, 0x000000008b100000|
| 152|0x000000008b200000, 0x000000008b200000, 0x000000008b300000|  0%| F|  |TS 43|AC  0|TAMS 0x000000008b200000, 0x000000008b200000|
| 153|0x000000008b300000, 0x000000008b300000, 0x000000008b400000|  0%| F|  |TS 43|AC  0|TAMS 0x000000008b300000, 0x000000008b300000|
| 154|0x000000008b400000, 0x000000008b400000, 0x000000008b500000|  0%| F|  |TS 43|AC  0|TAMS 0x000000008b400000, 0x000000008b400000|
| 155|0x000000008b500000, 0x000000008b500000, 0x000000008b600000|  0%| F|  |TS 43|AC  0|TAMS 0x000000008b500000, 0x000000008b500000|
| 156|0x000000008b600000, 0x000000008b600000, 0x000000008b700000|  0%| F|  |TS 43|AC  0|TAMS 0x000000008b600000, 0x000000008b600000|
| 157|0x000000008b700000, 0x000000008b700000, 0x000000008b800000|  0%| F|  |TS 43|AC  0|TAMS 0x000000008b700000, 0x000000008b700000|
| 158|0x000000008b800000, 0x000000008b800000, 0x000000008b900000|  0%| F|  |TS 43|AC  0|TAMS 0x000000008b800000, 0x000000008b800000|
| 159|0x000000008b900000, 0x000000008b900000, 0x000000008ba00000|  0%| F|  |TS 43|AC  0|TAMS 0x000000008b900000, 0x000000008b900000|
| 160|0x000000008ba00000, 0x000000008ba00000, 0x000000008bb00000|  0%| F|  |TS 43|AC  0|TAMS 0x000000008ba00000, 0x000000008ba00000|
| 161|0x000000008bb00000, 0x000000008bb00000, 0x000000008bc00000|  0%| F|  |TS 43|AC  0|TAMS 0x000000008bb00000, 0x000000008bb00000|
| 162|0x000000008bc00000, 0x000000008bc00000, 0x000000008bd00000|  0%| F|  |TS 43|AC  0|TAMS 0x000000008bc00000, 0x000000008bc00000|
| 163|0x000000008bd00000, 0x000000008bd00000, 0x000000008be00000|  0%| F|  |TS 43|AC  0|TAMS 0x000000008bd00000, 0x000000008bd00000|
| 164|0x000000008be00000, 0x000000008be00000, 0x000000008bf00000|  0%| F|  |TS 43|AC  0|TAMS 0x000000008be00000, 0x000000008be00000|
| 165|0x000000008bf00000, 0x000000008bf00000, 0x000000008c000000|  0%| F|  |TS 43|AC  0|TAMS 0x000000008bf00000, 0x000000008bf00000|
| 166|0x000000008c000000, 0x000000008c000000, 0x000000008c100000|  0%| F|  |TS 43|AC  0|TAMS 0x000000008c000000, 0x000000008c000000|
| 167|0x000000008c100000, 0x000000008c100000, 0x000000008c200000|  0%| F|  |TS 43|AC  0|TAMS 0x000000008c100000, 0x000000008c100000|
| 168|0x000000008c200000, 0x000000008c200000, 0x000000008c300000|  0%| F|  |TS 43|AC  0|TAMS 0x000000008c200000, 0x000000008c200000|
| 169|0x000000008c300000, 0x000000008c300000, 0x000000008c400000|  0%| F|  |TS 43|AC  0|TAMS 0x000000008c300000, 0x000000008c300000|
| 170|0x000000008c400000, 0x000000008c400000, 0x000000008c500000|  0%| F|  |TS 43|AC  0|TAMS 0x000000008c400000, 0x000000008c400000|
| 171|0x000000008c500000, 0x000000008c500000, 0x000000008c600000|  0%| F|  |TS 43|AC  0|TAMS 0x000000008c500000, 0x000000008c500000|
| 172|0x000000008c600000, 0x000000008c600000, 0x000000008c700000|  0%| F|  |TS 43|AC  0|TAMS 0x000000008c600000, 0x000000008c600000|
| 173|0x000000008c700000, 0x000000008c700000, 0x000000008c800000|  0%| F|  |TS 43|AC  0|TAMS 0x000000008c700000, 0x000000008c700000|
| 174|0x000000008c800000, 0x000000008c800000, 0x000000008c900000|  0%| F|  |TS 43|AC  0|TAMS 0x000000008c800000, 0x000000008c800000|
| 175|0x000000008c900000, 0x000000008c900000, 0x000000008ca00000|  0%| F|  |TS 43|AC  0|TAMS 0x000000008c900000, 0x000000008c900000|
| 176|0x000000008ca00000, 0x000000008ca00000, 0x000000008cb00000|  0%| F|  |TS 43|AC  0|TAMS 0x000000008ca00000, 0x000000008ca00000|
| 177|0x000000008cb00000, 0x000000008cb00000, 0x000000008cc00000|  0%| F|  |TS 43|AC  0|TAMS 0x000000008cb00000, 0x000000008cb00000|
| 178|0x000000008cc00000, 0x000000008cc00000, 0x000000008cd00000|  0%| F|  |TS 43|AC  0|TAMS 0x000000008cc00000, 0x000000008cc00000|
| 179|0x000000008cd00000, 0x000000008cd00000, 0x000000008ce00000|  0%| F|  |TS 43|AC  0|TAMS 0x000000008cd00000, 0x000000008cd00000|
| 180|0x000000008ce00000, 0x000000008ce00000, 0x000000008cf00000|  0%| F|  |TS 43|AC  0|TAMS 0x000000008ce00000, 0x000000008ce00000|
| 181|0x000000008cf00000, 0x000000008cf00000, 0x000000008d000000|  0%| F|  |TS 43|AC  0|TAMS 0x000000008cf00000, 0x000000008cf00000|
| 182|0x000000008d000000, 0x000000008d000000, 0x000000008d100000|  0%| F|  |TS 43|AC  0|TAMS 0x000000008d000000, 0x000000008d000000|
| 183|0x000000008d100000, 0x000000008d100000, 0x000000008d200000|  0%| F|  |TS 43|AC  0|TAMS 0x000000008d100000, 0x000000008d100000|
| 184|0x000000008d200000, 0x000000008d200000, 0x000000008d300000|  0%| F|  |TS 43|AC  0|TAMS 0x000000008d200000, 0x000000008d200000|
| 185|0x000000008d300000, 0x000000008d300000, 0x000000008d400000|  0%| F|  |TS 43|AC  0|TAMS 0x000000008d300000, 0x000000008d300000|
| 186|0x000000008d400000, 0x000000008d400000, 0x000000008d500000|  0%| F|  |TS 43|AC  0|TAMS 0x000000008d400000, 0x000000008d400000|
| 187|0x000000008d500000, 0x000000008d500000, 0x000000008d600000|  0%| F|  |TS 43|AC  0|TAMS 0x000000008d500000, 0x000000008d500000|
| 188|0x000000008d600000, 0x000000008d600000, 0x000000008d700000|  0%| F|  |TS 43|AC  0|TAMS 0x000000008d600000, 0x000000008d600000|
| 189|0x000000008d700000, 0x000000008d700000, 0x000000008d800000|  0%| F|  |TS 43|AC  0|TAMS 0x000000008d700000, 0x000000008d700000|
| 190|0x000000008d800000, 0x000000008d800000, 0x000000008d900000|  0%| F|  |TS 43|AC  0|TAMS 0x000000008d800000, 0x000000008d800000|
| 191|0x000000008d900000, 0x000000008d900000, 0x000000008da00000|  0%| F|  |TS 43|AC  0|TAMS 0x000000008d900000, 0x000000008d900000|
| 192|0x000000008da00000, 0x000000008da00000, 0x000000008db00000|  0%| F|  |TS 43|AC  0|TAMS 0x000000008da00000, 0x000000008da00000|
| 193|0x000000008db00000, 0x000000008db00000, 0x000000008dc00000|  0%| F|  |TS 43|AC  0|TAMS 0x000000008db00000, 0x000000008db00000|
| 194|0x000000008dc00000, 0x000000008dc00000, 0x000000008dd00000|  0%| F|  |TS 43|AC  0|TAMS 0x000000008dc00000, 0x000000008dc00000|
| 195|0x000000008dd00000, 0x000000008dd00000, 0x000000008de00000|  0%| F|  |TS 43|AC  0|TAMS 0x000000008dd00000, 0x000000008dd00000|
| 196|0x000000008de00000, 0x000000008de00000, 0x000000008df00000|  0%| F|  |TS 43|AC  0|TAMS 0x000000008de00000, 0x000000008de00000|
| 197|0x000000008df00000, 0x000000008df00000, 0x000000008e000000|  0%| F|  |TS 43|AC  0|TAMS 0x000000008df00000, 0x000000008df00000|
| 198|0x000000008e000000, 0x000000008e000000, 0x000000008e100000|  0%| F|  |TS 43|AC  0|TAMS 0x000000008e000000, 0x000000008e000000|
| 199|0x000000008e100000, 0x000000008e100000, 0x000000008e200000|  0%| F|  |TS 43|AC  0|TAMS 0x000000008e100000, 0x000000008e100000|
| 200|0x000000008e200000, 0x000000008e200000, 0x000000008e300000|  0%| F|  |TS 43|AC  0|TAMS 0x000000008e200000, 0x000000008e200000|
| 201|0x000000008e300000, 0x000000008e300000, 0x000000008e400000|  0%| F|  |TS 43|AC  0|TAMS 0x000000008e300000, 0x000000008e300000|
| 202|0x000000008e400000, 0x000000008e400000, 0x000000008e500000|  0%| F|  |TS 43|AC  0|TAMS 0x000000008e400000, 0x000000008e400000|
| 203|0x000000008e500000, 0x000000008e500000, 0x000000008e600000|  0%| F|  |TS 43|AC  0|TAMS 0x000000008e500000, 0x000000008e500000|
| 204|0x000000008e600000, 0x000000008e600000, 0x000000008e700000|  0%| F|  |TS 43|AC  0|TAMS 0x000000008e600000, 0x000000008e600000|
| 205|0x000000008e700000, 0x000000008e700000, 0x000000008e800000|  0%| F|  |TS 43|AC  0|TAMS 0x000000008e700000, 0x000000008e700000|
| 206|0x000000008e800000, 0x000000008e800000, 0x000000008e900000|  0%| F|  |TS 43|AC  0|TAMS 0x000000008e800000, 0x000000008e800000|
| 207|0x000000008e900000, 0x000000008e900000, 0x000000008ea00000|  0%| F|  |TS 43|AC  0|TAMS 0x000000008e900000, 0x000000008e900000|
| 208|0x000000008ea00000, 0x000000008ea00000, 0x000000008eb00000|  0%| F|  |TS 43|AC  0|TAMS 0x000000008ea00000, 0x000000008ea00000|
| 209|0x000000008eb00000, 0x000000008eb00000, 0x000000008ec00000|  0%| F|  |TS 43|AC  0|TAMS 0x000000008eb00000, 0x000000008eb00000|
| 210|0x000000008ec00000, 0x000000008ec00000, 0x000000008ed00000|  0%| F|  |TS 43|AC  0|TAMS 0x000000008ec00000, 0x000000008ec00000|
| 211|0x000000008ed00000, 0x000000008ed00000, 0x000000008ee00000|  0%| F|  |TS 43|AC  0|TAMS 0x000000008ed00000, 0x000000008ed00000|
| 212|0x000000008ee00000, 0x000000008ee00000, 0x000000008ef00000|  0%| F|  |TS 43|AC  0|TAMS 0x000000008ee00000, 0x000000008ee00000|
| 213|0x000000008ef00000, 0x000000008ef00000, 0x000000008f000000|  0%| F|  |TS 43|AC  0|TAMS 0x000000008ef00000, 0x000000008ef00000|
| 214|0x000000008f000000, 0x000000008f000000, 0x000000008f100000|  0%| F|  |TS 43|AC  0|TAMS 0x000000008f000000, 0x000000008f000000|
| 215|0x000000008f100000, 0x000000008f100000, 0x000000008f200000|  0%| F|  |TS 43|AC  0|TAMS 0x000000008f100000, 0x000000008f100000|
| 216|0x000000008f200000, 0x000000008f200000, 0x000000008f300000|  0%| F|  |TS 43|AC  0|TAMS 0x000000008f200000, 0x000000008f200000|
| 217|0x000000008f300000, 0x000000008f300000, 0x000000008f400000|  0%| F|  |TS 43|AC  0|TAMS 0x000000008f300000, 0x000000008f300000|
| 218|0x000000008f400000, 0x000000008f400000, 0x000000008f500000|  0%| F|  |TS 43|AC  0|TAMS 0x000000008f400000, 0x000000008f400000|
| 219|0x000000008f500000, 0x000000008f500000, 0x000000008f600000|  0%| F|  |TS 43|AC  0|TAMS 0x000000008f500000, 0x000000008f500000|
| 220|0x000000008f600000, 0x000000008f600000, 0x000000008f700000|  0%| F|  |TS 43|AC  0|TAMS 0x000000008f600000, 0x000000008f600000|
| 221|0x000000008f700000, 0x000000008f700000, 0x000000008f800000|  0%| F|  |TS 43|AC  0|TAMS 0x000000008f700000, 0x000000008f700000|
| 222|0x000000008f800000, 0x000000008f800000, 0x000000008f900000|  0%| F|  |TS 43|AC  0|TAMS 0x000000008f800000, 0x000000008f800000|
| 223|0x000000008f900000, 0x000000008f900000, 0x000000008fa00000|  0%| F|  |TS 43|AC  0|TAMS 0x000000008f900000, 0x000000008f900000|
| 224|0x000000008fa00000, 0x000000008fa00000, 0x000000008fb00000|  0%| F|  |TS 43|AC  0|TAMS 0x000000008fa00000, 0x000000008fa00000|
| 225|0x000000008fb00000, 0x000000008fb00000, 0x000000008fc00000|  0%| F|  |TS 43|AC  0|TAMS 0x000000008fb00000, 0x000000008fb00000|
| 226|0x000000008fc00000, 0x000000008fc00000, 0x000000008fd00000|  0%| F|  |TS 43|AC  0|TAMS 0x000000008fc00000, 0x000000008fc00000|
| 227|0x000000008fd00000, 0x000000008fd00000, 0x000000008fe00000|  0%| F|  |TS 43|AC  0|TAMS 0x000000008fd00000, 0x000000008fd00000|
| 228|0x000000008fe00000, 0x000000008fe00000, 0x000000008ff00000|  0%| F|  |TS 43|AC  0|TAMS 0x000000008fe00000, 0x000000008fe00000|
| 229|0x000000008ff00000, 0x000000008ff00000, 0x0000000090000000|  0%| F|  |TS 43|AC  0|TAMS 0x000000008ff00000, 0x000000008ff00000|
| 230|0x0000000090000000, 0x0000000090000000, 0x0000000090100000|  0%| F|  |TS 43|AC  0|TAMS 0x0000000090000000, 0x0000000090000000|
| 231|0x0000000090100000, 0x0000000090100000, 0x0000000090200000|  0%| F|  |TS 43|AC  0|TAMS 0x0000000090100000, 0x0000000090100000|
| 232|0x0000000090200000, 0x0000000090200000, 0x0000000090300000|  0%| F|  |TS 43|AC  0|TAMS 0x0000000090200000, 0x0000000090200000|
| 233|0x0000000090300000, 0x0000000090300000, 0x0000000090400000|  0%| F|  |TS 43|AC  0|TAMS 0x0000000090300000, 0x0000000090300000|
| 234|0x0000000090400000, 0x0000000090400000, 0x0000000090500000|  0%| F|  |TS 43|AC  0|TAMS 0x0000000090400000, 0x0000000090400000|
| 235|0x0000000090500000, 0x0000000090500000, 0x0000000090600000|  0%| F|  |TS 43|AC  0|TAMS 0x0000000090500000, 0x0000000090500000|
| 236|0x0000000090600000, 0x0000000090600000, 0x0000000090700000|  0%| F|  |TS 43|AC  0|TAMS 0x0000000090600000, 0x0000000090600000|
| 237|0x0000000090700000, 0x0000000090700000, 0x0000000090800000|  0%| F|  |TS 43|AC  0|TAMS 0x0000000090700000, 0x0000000090700000|
| 238|0x0000000090800000, 0x0000000090800000, 0x0000000090900000|  0%| F|  |TS 43|AC  0|TAMS 0x0000000090800000, 0x0000000090800000|
| 239|0x0000000090900000, 0x0000000090900000, 0x0000000090a00000|  0%| F|  |TS 43|AC  0|TAMS 0x0000000090900000, 0x0000000090900000|
| 240|0x0000000090a00000, 0x0000000090a00000, 0x0000000090b00000|  0%| F|  |TS 43|AC  0|TAMS 0x0000000090a00000, 0x0000000090a00000|
| 241|0x0000000090b00000, 0x0000000090b00000, 0x0000000090c00000|  0%| F|  |TS 43|AC  0|TAMS 0x0000000090b00000, 0x0000000090b00000|
| 242|0x0000000090c00000, 0x0000000090c00000, 0x0000000090d00000|  0%| F|  |TS 43|AC  0|TAMS 0x0000000090c00000, 0x0000000090c00000|
| 243|0x0000000090d00000, 0x0000000090d00000, 0x0000000090e00000|  0%| F|  |TS 43|AC  0|TAMS 0x0000000090d00000, 0x0000000090d00000|
| 244|0x0000000090e00000, 0x0000000090e00000, 0x0000000090f00000|  0%| F|  |TS 43|AC  0|TAMS 0x0000000090e00000, 0x0000000090e00000|
| 245|0x0000000090f00000, 0x0000000090f00000, 0x0000000091000000|  0%| F|  |TS 43|AC  0|TAMS 0x0000000090f00000, 0x0000000090f00000|
| 246|0x0000000091000000, 0x0000000091000000, 0x0000000091100000|  0%| F|  |TS 43|AC  0|TAMS 0x0000000091000000, 0x0000000091000000|
| 247|0x0000000091100000, 0x0000000091100000, 0x0000000091200000|  0%| F|  |TS 43|AC  0|TAMS 0x0000000091100000, 0x0000000091100000|
| 248|0x0000000091200000, 0x0000000091200000, 0x0000000091300000|  0%| F|  |TS 43|AC  0|TAMS 0x0000000091200000, 0x0000000091200000|
| 249|0x0000000091300000, 0x0000000091300000, 0x0000000091400000|  0%| F|  |TS 43|AC  0|TAMS 0x0000000091300000, 0x0000000091300000|
| 250|0x0000000091400000, 0x0000000091400000, 0x0000000091500000|  0%| F|  |TS 43|AC  0|TAMS 0x0000000091400000, 0x0000000091400000|
| 251|0x0000000091500000, 0x0000000091500000, 0x0000000091600000|  0%| F|  |TS 43|AC  0|TAMS 0x0000000091500000, 0x0000000091500000|
| 252|0x0000000091600000, 0x0000000091600000, 0x0000000091700000|  0%| F|  |TS 43|AC  0|TAMS 0x0000000091600000, 0x0000000091600000|
| 253|0x0000000091700000, 0x0000000091700000, 0x0000000091800000|  0%| F|  |TS 43|AC  0|TAMS 0x0000000091700000, 0x0000000091700000|
| 254|0x0000000091800000, 0x0000000091800000, 0x0000000091900000|  0%| F|  |TS 43|AC  0|TAMS 0x0000000091800000, 0x0000000091800000|
| 255|0x0000000091900000, 0x0000000091900000, 0x0000000091a00000|  0%| F|  |TS 43|AC  0|TAMS 0x0000000091900000, 0x0000000091900000|
| 256|0x0000000091a00000, 0x0000000091a00000, 0x0000000091b00000|  0%| F|  |TS 43|AC  0|TAMS 0x0000000091a00000, 0x0000000091a00000|
| 257|0x0000000091b00000, 0x0000000091b00000, 0x0000000091c00000|  0%| F|  |TS 43|AC  0|TAMS 0x0000000091b00000, 0x0000000091b00000|
| 258|0x0000000091c00000, 0x0000000091c00000, 0x0000000091d00000|  0%| F|  |TS 43|AC  0|TAMS 0x0000000091c00000, 0x0000000091c00000|
| 259|0x0000000091d00000, 0x0000000091d00000, 0x0000000091e00000|  0%| F|  |TS 43|AC  0|TAMS 0x0000000091d00000, 0x0000000091d00000|
| 260|0x0000000091e00000, 0x0000000091e00000, 0x0000000091f00000|  0%| F|  |TS 43|AC  0|TAMS 0x0000000091e00000, 0x0000000091e00000|
| 261|0x0000000091f00000, 0x0000000091f00000, 0x0000000092000000|  0%| F|  |TS 43|AC  0|TAMS 0x0000000091f00000, 0x0000000091f00000|
| 262|0x0000000092000000, 0x0000000092000000, 0x0000000092100000|  0%| F|  |TS 43|AC  0|TAMS 0x0000000092000000, 0x0000000092000000|
| 263|0x0000000092100000, 0x0000000092100000, 0x0000000092200000|  0%| F|  |TS 43|AC  0|TAMS 0x0000000092100000, 0x0000000092100000|
| 264|0x0000000092200000, 0x0000000092200000, 0x0000000092300000|  0%| F|  |TS 43|AC  0|TAMS 0x0000000092200000, 0x0000000092200000|
| 265|0x0000000092300000, 0x0000000092300000, 0x0000000092400000|  0%| F|  |TS 43|AC  0|TAMS 0x0000000092300000, 0x0000000092300000|
| 266|0x0000000092400000, 0x0000000092400000, 0x0000000092500000|  0%| F|  |TS 43|AC  0|TAMS 0x0000000092400000, 0x0000000092400000|
| 267|0x0000000092500000, 0x0000000092500000, 0x0000000092600000|  0%| F|  |TS 43|AC  0|TAMS 0x0000000092500000, 0x0000000092500000|
| 268|0x0000000092600000, 0x0000000092600000, 0x0000000092700000|  0%| F|  |TS 43|AC  0|TAMS 0x0000000092600000, 0x0000000092600000|
| 269|0x0000000092700000, 0x0000000092700000, 0x0000000092800000|  0%| F|  |TS 43|AC  0|TAMS 0x0000000092700000, 0x0000000092700000|
| 270|0x0000000092800000, 0x0000000092800000, 0x0000000092900000|  0%| F|  |TS 43|AC  0|TAMS 0x0000000092800000, 0x0000000092800000|
| 271|0x0000000092900000, 0x0000000092900000, 0x0000000092a00000|  0%| F|  |TS 43|AC  0|TAMS 0x0000000092900000, 0x0000000092900000|
| 272|0x0000000092a00000, 0x0000000092a00000, 0x0000000092b00000|  0%| F|  |TS 43|AC  0|TAMS 0x0000000092a00000, 0x0000000092a00000|
| 273|0x0000000092b00000, 0x0000000092b00000, 0x0000000092c00000|  0%| F|  |TS 43|AC  0|TAMS 0x0000000092b00000, 0x0000000092b00000|
| 274|0x0000000092c00000, 0x0000000092c00000, 0x0000000092d00000|  0%| F|  |TS 43|AC  0|TAMS 0x0000000092c00000, 0x0000000092c00000|
| 275|0x0000000092d00000, 0x0000000092d00000, 0x0000000092e00000|  0%| F|  |TS 43|AC  0|TAMS 0x0000000092d00000, 0x0000000092d00000|
| 276|0x0000000092e00000, 0x0000000092e00000, 0x0000000092f00000|  0%| F|  |TS 43|AC  0|TAMS 0x0000000092e00000, 0x0000000092e00000|
| 277|0x0000000092f00000, 0x0000000092f00000, 0x0000000093000000|  0%| F|  |TS 43|AC  0|TAMS 0x0000000092f00000, 0x0000000092f00000|
| 278|0x0000000093000000, 0x0000000093000000, 0x0000000093100000|  0%| F|  |TS 43|AC  0|TAMS 0x0000000093000000, 0x0000000093000000|
| 279|0x0000000093100000, 0x0000000093100000, 0x0000000093200000|  0%| F|  |TS 43|AC  0|TAMS 0x0000000093100000, 0x0000000093100000|
| 280|0x0000000093200000, 0x0000000093200000, 0x0000000093300000|  0%| F|  |TS 43|AC  0|TAMS 0x0000000093200000, 0x0000000093200000|
| 281|0x0000000093300000, 0x0000000093300000, 0x0000000093400000|  0%| F|  |TS 43|AC  0|TAMS 0x0000000093300000, 0x0000000093300000|
| 282|0x0000000093400000, 0x0000000093400000, 0x0000000093500000|  0%| F|  |TS 43|AC  0|TAMS 0x0000000093400000, 0x0000000093400000|
| 283|0x0000000093500000, 0x0000000093500000, 0x0000000093600000|  0%| F|  |TS 43|AC  0|TAMS 0x0000000093500000, 0x0000000093500000|
| 284|0x0000000093600000, 0x0000000093600000, 0x0000000093700000|  0%| F|  |TS 43|AC  0|TAMS 0x0000000093600000, 0x0000000093600000|
| 285|0x0000000093700000, 0x0000000093700000, 0x0000000093800000|  0%| F|  |TS 43|AC  0|TAMS 0x0000000093700000, 0x0000000093700000|
| 286|0x0000000093800000, 0x0000000093800000, 0x0000000093900000|  0%| F|  |TS 43|AC  0|TAMS 0x0000000093800000, 0x0000000093800000|
| 287|0x0000000093900000, 0x0000000093900000, 0x0000000093a00000|  0%| F|  |TS 43|AC  0|TAMS 0x0000000093900000, 0x0000000093900000|
| 288|0x0000000093a00000, 0x0000000093a00000, 0x0000000093b00000|  0%| F|  |TS 43|AC  0|TAMS 0x0000000093a00000, 0x0000000093a00000|
| 289|0x0000000093b00000, 0x0000000093b00000, 0x0000000093c00000|  0%| F|  |TS 43|AC  0|TAMS 0x0000000093b00000, 0x0000000093b00000|
| 290|0x0000000093c00000, 0x0000000093c00000, 0x0000000093d00000|  0%| F|  |TS 43|AC  0|TAMS 0x0000000093c00000, 0x0000000093c00000|
| 291|0x0000000093d00000, 0x0000000093d00000, 0x0000000093e00000|  0%| F|  |TS 43|AC  0|TAMS 0x0000000093d00000, 0x0000000093d00000|
| 292|0x0000000093e00000, 0x0000000093e00000, 0x0000000093f00000|  0%| F|  |TS 43|AC  0|TAMS 0x0000000093e00000, 0x0000000093e00000|
| 293|0x0000000093f00000, 0x0000000093f00000, 0x0000000094000000|  0%| F|  |TS 43|AC  0|TAMS 0x0000000093f00000, 0x0000000093f00000|
| 294|0x0000000094000000, 0x0000000094000000, 0x0000000094100000|  0%| F|  |TS 43|AC  0|TAMS 0x0000000094000000, 0x0000000094000000|
| 295|0x0000000094100000, 0x0000000094100000, 0x0000000094200000|  0%| F|  |TS 43|AC  0|TAMS 0x0000000094100000, 0x0000000094100000|
| 296|0x0000000094200000, 0x0000000094200000, 0x0000000094300000|  0%| F|  |TS 43|AC  0|TAMS 0x0000000094200000, 0x0000000094200000|
| 297|0x0000000094300000, 0x0000000094300000, 0x0000000094400000|  0%| F|  |TS 43|AC  0|TAMS 0x0000000094300000, 0x0000000094300000|
| 298|0x0000000094400000, 0x0000000094400000, 0x0000000094500000|  0%| F|  |TS 43|AC  0|TAMS 0x0000000094400000, 0x0000000094400000|
| 299|0x0000000094500000, 0x0000000094500000, 0x0000000094600000|  0%| F|  |TS 43|AC  0|TAMS 0x0000000094500000, 0x0000000094500000|
| 300|0x0000000094600000, 0x0000000094600000, 0x0000000094700000|  0%| F|  |TS 43|AC  0|TAMS 0x0000000094600000, 0x0000000094600000|
| 301|0x0000000094700000, 0x0000000094700000, 0x0000000094800000|  0%| F|  |TS 43|AC  0|TAMS 0x0000000094700000, 0x0000000094700000|
| 302|0x0000000094800000, 0x0000000094800000, 0x0000000094900000|  0%| F|  |TS 43|AC  0|TAMS 0x0000000094800000, 0x0000000094800000|
| 303|0x0000000094900000, 0x0000000094900000, 0x0000000094a00000|  0%| F|  |TS 43|AC  0|TAMS 0x0000000094900000, 0x0000000094900000|
| 304|0x0000000094a00000, 0x0000000094a00000, 0x0000000094b00000|  0%| F|  |TS 43|AC  0|TAMS 0x0000000094a00000, 0x0000000094a00000|
| 305|0x0000000094b00000, 0x0000000094b00000, 0x0000000094c00000|  0%| F|  |TS 43|AC  0|TAMS 0x0000000094b00000, 0x0000000094b00000|
| 306|0x0000000094c00000, 0x0000000094c00000, 0x0000000094d00000|  0%| F|  |TS 43|AC  0|TAMS 0x0000000094c00000, 0x0000000094c00000|
| 307|0x0000000094d00000, 0x0000000094d00000, 0x0000000094e00000|  0%| F|  |TS 43|AC  0|TAMS 0x0000000094d00000, 0x0000000094d00000|

Card table byte_map: [0x000002413f150000,0x000002413f550000] byte_map_base: 0x000002413ed43000

Marking Bits (Prev, Next): (CMBitMap*) 0x0000024126bb0460, (CMBitMap*) 0x0000024126bb0498
 Prev Bits: [0x000002413f950000, 0x00000241418e8000)
 Next Bits: [0x00000241418f0000, 0x0000024143888000)

Polling page: 0x0000024126aa0000

CodeHeap 'non-profiled nmethods': size=120064Kb used=1043Kb max_used=1043Kb free=119020Kb
 bounds [0x0000024136df0000, 0x0000024137060000, 0x000002413e330000]
CodeHeap 'profiled nmethods': size=120000Kb used=1746Kb max_used=1746Kb free=118253Kb
 bounds [0x000002412f8c0000, 0x000002412fb30000, 0x0000024136df0000]
CodeHeap 'non-nmethods': size=5696Kb used=1219Kb max_used=1274Kb free=4477Kb
 bounds [0x000002412f330000, 0x000002412f5a0000, 0x000002412f8c0000]
 total_blobs=2086 nmethods=1100 adapters=285
 compilation: enabled

Compilation events (10 events):
Event: 4.796 Thread 0x00000241466cb000 1096   !   4       jdk.internal.reflect.GeneratedMethodAccessor38::invoke (61 bytes)
Event: 4.798 Thread 0x00000241466cb000 nmethod 1096 0x0000024136ef2110 code [0x0000024136ef22a0, 0x0000024136ef23f8]
Event: 4.826 Thread 0x00000241466d0000 1097   !   4       jdk.internal.reflect.GeneratedMethodAccessor39::invoke (61 bytes)
Event: 4.827 Thread 0x00000241466d0000 nmethod 1097 0x0000024136ef2610 code [0x0000024136ef27a0, 0x0000024136ef28b8]
Event: 4.827 Thread 0x00000241466cb000 1098       4       queue.AbstractQueue::toArray (50 bytes)
Event: 4.827 Thread 0x00000241466d0000 1099       4       queue.ArrayQueue::makeCopy (50 bytes)
Event: 4.832 Thread 0x00000241466d0000 nmethod 1099 0x0000024136ef2a90 code [0x0000024136ef2c40, 0x0000024136ef3018]
Event: 4.832 Thread 0x00000241466d0000 1100   !   4       jdk.internal.reflect.GeneratedMethodAccessor40::invoke (61 bytes)
Event: 4.844 Thread 0x00000241466cb000 nmethod 1098 0x0000024136ef3190 code [0x0000024136ef3340, 0x0000024136ef3bb8]
Event: 4.852 Thread 0x00000241466d0000 nmethod 1100 0x0000024136ef3f10 code [0x0000024136ef40c0, 0x0000024136ef4998]

GC Heap History (10 events):
Event: 3.556 GC heap after
{Heap after GC invocations=17 (full 0):
 garbage-first heap   total 189440K, used 5795K [0x0000000081a00000, 0x0000000081b005c8, 0x0000000100000000)
  region size 1024K, 3 young (3072K), 3 survivors (3072K)
 Metaspace       used 7101K, capacity 7634K, committed 7808K, reserved 1056768K
  class space    used 709K, capacity 782K, committed 896K, reserved 1048576K
}
Event: 3.696 GC heap before
{Heap before GC invocations=17 (full 0):
 garbage-first heap   total 189440K, used 118435K [0x0000000081a00000, 0x0000000081b005c8, 0x0000000100000000)
  region size 1024K, 111 young (113664K), 3 survivors (3072K)
 Metaspace       used 7101K, capacity 7634K, committed 7808K, reserved 1056768K
  class space    used 709K, capacity 782K, committed 896K, reserved 1048576K
}
Event: 3.704 GC heap after
{Heap after GC invocations=18 (full 0):
 garbage-first heap   total 315392K, used 2964K [0x0000000081a00000, 0x0000000081b009a0, 0x0000000100000000)
  region size 1024K, 2 young (2048K), 2 survivors (2048K)
 Metaspace       used 7101K, capacity 7634K, committed 7808K, reserved 1056768K
  class space    used 709K, capacity 782K, committed 896K, reserved 1048576K
}
Event: 3.985 GC heap before
{Heap before GC invocations=18 (full 0):
 garbage-first heap   total 315392K, used 171924K [0x0000000081a00000, 0x0000000081b009a0, 0x0000000100000000)
  region size 1024K, 167 young (171008K), 2 survivors (2048K)
 Metaspace       used 7139K, capacity 7678K, committed 7808K, reserved 1056768K
  class space    used 714K, capacity 790K, committed 896K, reserved 1048576K
}
Event: 3.996 GC heap after
{Heap after GC invocations=19 (full 0):
 garbage-first heap   total 315392K, used 3213K [0x0000000081a00000, 0x0000000081b009a0, 0x0000000100000000)
  region size 1024K, 2 young (2048K), 2 survivors (2048K)
 Metaspace       used 7139K, capacity 7678K, committed 7808K, reserved 1056768K
  class space    used 714K, capacity 790K, committed 896K, reserved 1048576K
}
Event: 4.242 GC heap before
{Heap before GC invocations=19 (full 0):
 garbage-first heap   total 315392K, used 202893K [0x0000000081a00000, 0x0000000081b009a0, 0x0000000100000000)
  region size 1024K, 184 young (188416K), 2 survivors (2048K)
 Metaspace       used 7146K, capacity 7748K, committed 8064K, reserved 1056768K
  class space    used 715K, capacity 791K, committed 896K, reserved 1048576K
}
Event: 4.261 GC heap after
{Heap after GC invocations=20 (full 0):
 garbage-first heap   total 315392K, used 4403K [0x0000000081a00000, 0x0000000081b009a0, 0x0000000100000000)
  region size 1024K, 3 young (3072K), 3 survivors (3072K)
 Metaspace       used 7146K, capacity 7748K, committed 8064K, reserved 1056768K
  class space    used 715K, capacity 791K, committed 896K, reserved 1048576K
}
Event: 4.500 GC heap before
{Heap before GC invocations=20 (full 0):
 garbage-first heap   total 315392K, used 189747K [0x0000000081a00000, 0x0000000081b009a0, 0x0000000100000000)
  region size 1024K, 184 young (188416K), 3 survivors (3072K)
 Metaspace       used 7146K, capacity 7748K, committed 8064K, reserved 1056768K
  class space    used 715K, capacity 791K, committed 896K, reserved 1048576K
}
Event: 4.506 GC heap after
{Heap after GC invocations=21 (full 0):
 garbage-first heap   total 315392K, used 3231K [0x0000000081a00000, 0x0000000081b009a0, 0x0000000100000000)
  region size 1024K, 2 young (2048K), 2 survivors (2048K)
 Metaspace       used 7146K, capacity 7748K, committed 8064K, reserved 1056768K
  class space    used 715K, capacity 791K, committed 896K, reserved 1048576K
}
Event: 4.900 GC heap before
{Heap before GC invocations=21 (full 0):
 garbage-first heap   total 315392K, used 189599K [0x0000000081a00000, 0x0000000081b009a0, 0x0000000100000000)
  region size 1024K, 184 young (188416K), 2 survivors (2048K)
 Metaspace       used 7745K, capacity 8482K, committed 8576K, reserved 1056768K
  class space    used 771K, capacity 850K, committed 896K, reserved 1048576K
}

Deoptimization events (10 events):
Event: 4.619 Thread 0x0000024126b0c800 Uncommon trap: reason=class_check action=maybe_recompile pc=0x0000024136e6c67c method=java.util.Formatter$FixedString.print(Ljava/lang/Object;Ljava/util/Locale;)V @ 19 c2
Event: 4.619 Thread 0x0000024126b0c800 Uncommon trap: reason=class_check action=maybe_recompile pc=0x0000024136e6a7c0 method=java.util.Formatter$FormatSpecifier.print(Ljava/lang/Object;Ljava/util/Locale;)V @ 201 c2
Event: 4.622 Thread 0x0000024126b0c800 Uncommon trap: reason=unstable_if action=reinterpret pc=0x0000024136e6ed98 method=java.util.ArrayDeque.pollFirst()Ljava/lang/Object; @ 17 c2
Event: 4.635 Thread 0x0000024126b0c800 Uncommon trap: reason=unstable_if action=reinterpret pc=0x0000024136ecbfe4 method=java.lang.Integer.valueOf(I)Ljava/lang/Integer; @ 3 c2
Event: 4.635 Thread 0x0000024126b0c800 Uncommon trap: reason=unstable_if action=reinterpret pc=0x0000024136e87e40 method=java.util.ArrayList.newCapacity(I)I @ 15 c2
Event: 4.636 Thread 0x0000024126b0c800 Uncommon trap: reason=unstable_if action=reinterpret pc=0x0000024136e7eed4 method=java.util.Arrays.copyOfRange([Ljava/lang/Object;IILjava/lang/Class;)[Ljava/lang/Object; @ 46 c2
Event: 4.640 Thread 0x0000024126b0c800 Uncommon trap: reason=unstable_if action=reinterpret pc=0x0000024136eb7cf4 method=java.lang.Object.equals(Ljava/lang/Object;)Z @ 2 c2
Event: 4.646 Thread 0x0000024126b0c800 Uncommon trap: reason=class_check action=maybe_recompile pc=0x0000024136e6a908 method=java.util.Formatter$FormatSpecifier.appendJustified(Ljava/lang/Appendable;Ljava/lang/CharSequence;)Ljava/lang/Appendable; @ 10 c2
Event: 4.649 Thread 0x0000024126b0c800 Uncommon trap: reason=class_check action=maybe_recompile pc=0x0000024136e7c23c method=java.util.Formatter$FormatSpecifier.appendJustified(Ljava/lang/Appendable;Ljava/lang/CharSequence;)Ljava/lang/Appendable; @ 10 c2
Event: 4.649 Thread 0x0000024126b0c800 Uncommon trap: reason=class_check action=maybe_recompile pc=0x0000024136e7b1f4 method=java.util.Formatter$FormatSpecifier.appendJustified(Ljava/lang/Appendable;Ljava/lang/CharSequence;)Ljava/lang/Appendable; @ 10 c2

Classes redefined (0 events):
No events

Internal exceptions (3 events):
Event: 0.110 Thread 0x0000024126b0c800 Exception <a 'java/io/FileNotFoundException'{0x00000000898266b0}> (0x00000000898266b0) thrown at [t:/workspace/hotspot/src/share/vm/prims/jni.cpp, line 604]
Event: 0.206 Thread 0x0000024126b0c800 Exception <a 'java/lang/NoSuchMethodError'{0x00000000897c0818}: java.lang.Object.lambda$union$2(Ljava/util/regex/Pattern$CharPredicate;I)Z> (0x00000000897c0818) thrown at [t:/workspace/hotspot/src/share/vm/interpreter/linkResolver.cpp, line 731]
Event: 0.222 Thread 0x0000024126b0c800 Exception <a 'java/lang/NoSuchMethodError'{0x00000000897dc230}: java.lang.invoke.DirectMethodHandle$Holder.invokeSpecial(Ljava/lang/Object;Ljava/lang/Object;Ljava/lang/Object;)I> (0x00000000897dc230) thrown at [t:/workspace/hotspot/src/share/vm/interprete

Events (10 events):
Event: 4.662 loading class queue/Queue done
Event: 4.665 loading class queue/ArrayQueue
Event: 4.665 loading class queue/ArrayQueue done
Event: 4.666 loading class queue/Copiable
Event: 4.666 loading class queue/Copiable done
Event: 4.667 loading class queue/AbstractQueue
Event: 4.667 loading class queue/AbstractQueue done
Event: 4.667 loading class queue/Queue
Event: 4.667 loading class queue/Queue done
Event: 4.899 Executing VM operation: G1IncCollectionPause


Dynamic libraries:
0x00007ff6c8b10000 - 0x00007ff6c8b4e000 	C:\ProgramData\Oracle\Java\javapath\java.exe
0x00007ffe3f000000 - 0x00007ffe3f1c1000 	C:\WINDOWS\SYSTEM32\ntdll.dll
0x00007ffe3ef50000 - 0x00007ffe3effd000 	C:\WINDOWS\system32\KERNEL32.DLL
0x00007ffe20c40000 - 0x00007ffe20c74000 	C:\Program Files\AVAST Software\Avast\x64\aswhooka.dll
0x00007ffe3ba00000 - 0x00007ffe3bbe8000 	C:\WINDOWS\system32\KERNELBASE.dll
0x00007ffe3c590000 - 0x00007ffe3c637000 	C:\WINDOWS\system32\ADVAPI32.dll
0x00007ffe3c6b0000 - 0x00007ffe3c74d000 	C:\WINDOWS\system32\msvcrt.dll
0x00007ffe3c420000 - 0x00007ffe3c47b000 	C:\WINDOWS\system32\sechost.dll
0x00007ffe3c910000 - 0x00007ffe3ca2c000 	C:\WINDOWS\system32\RPCRT4.dll
0x00007ffe3d4e0000 - 0x00007ffe3d636000 	C:\WINDOWS\system32\USER32.dll
0x00007ffe3cef0000 - 0x00007ffe3d076000 	C:\WINDOWS\system32\GDI32.dll
0x00007ffe2f9b0000 - 0x00007ffe2fc24000 	C:\WINDOWS\WinSxS\amd64_microsoft.windows.common-controls_6595b64144ccf1df_6.0.10586.0_none_8c15ae12515e1c22\COMCTL32.dll
0x00007ffe3eba0000 - 0x00007ffe3ee1d000 	C:\WINDOWS\system32\combase.dll
0x00007ffe3c370000 - 0x00007ffe3c3da000 	C:\WINDOWS\system32\bcryptPrimitives.dll
0x00007ffe3b4e0000 - 0x00007ffe3b4ea000 	C:\WINDOWS\SYSTEM32\VERSION.dll
0x00007ffe3c3e0000 - 0x00007ffe3c41b000 	C:\WINDOWS\system32\IMM32.DLL
0x00007ffe3b4f0000 - 0x00007ffe3b526000 	C:\Windows\system32\nvinitx.dll
0x00007ffe16d70000 - 0x00007ffe16e5f000 	C:\Program Files\Java\jre-9.0.4\bin\msvcr120.dll
0x00007ffe19de0000 - 0x00007ffe19e86000 	C:\Program Files\Java\jre-9.0.4\bin\msvcp120.dll
0x0000000055040000 - 0x0000000055a65000 	C:\Program Files\Java\jre-9.0.4\bin\server\jvm.dll
0x00007ffe3c750000 - 0x00007ffe3c758000 	C:\WINDOWS\system32\PSAPI.DLL
0x00007ffe2d9f0000 - 0x00007ffe2d9f9000 	C:\WINDOWS\SYSTEM32\WSOCK32.dll
0x00007ffe3c640000 - 0x00007ffe3c6ab000 	C:\WINDOWS\system32\WS2_32.dll
0x00007ffe397a0000 - 0x00007ffe397c3000 	C:\WINDOWS\SYSTEM32\WINMM.dll
0x00007ffe39740000 - 0x00007ffe3976c000 	C:\WINDOWS\SYSTEM32\WINMMBASE.dll
0x00007ffe3b750000 - 0x00007ffe3b793000 	C:\WINDOWS\system32\cfgmgr32.dll
0x00007ffe39c40000 - 0x00007ffe39c4f000 	C:\Program Files\Java\jre-9.0.4\bin\verify.dll
0x00007ffe304a0000 - 0x00007ffe304c7000 	C:\Program Files\Java\jre-9.0.4\bin\java.dll
0x00007ffe31ac0000 - 0x00007ffe31ad6000 	C:\Program Files\Java\jre-9.0.4\bin\zip.dll
0x00007ffe39ba0000 - 0x00007ffe39baa000 	C:\Program Files\Java\jre-9.0.4\bin\jimage.dll
0x00007ffe3d640000 - 0x00007ffe3eb9f000 	C:\WINDOWS\system32\SHELL32.dll
0x00007ffe3bbf0000 - 0x00007ffe3c234000 	C:\WINDOWS\system32\windows.storage.dll
0x00007ffe3d220000 - 0x00007ffe3d272000 	C:\WINDOWS\system32\shlwapi.dll
0x00007ffe3b670000 - 0x00007ffe3b67f000 	C:\WINDOWS\system32\kernel.appcore.dll
0x00007ffe3b690000 - 0x00007ffe3b745000 	C:\WINDOWS\system32\shcore.dll
0x00007ffe3b620000 - 0x00007ffe3b66b000 	C:\WINDOWS\system32\powrprof.dll
0x00007ffe3b600000 - 0x00007ffe3b614000 	C:\WINDOWS\system32\profapi.dll
0x00007ffe31790000 - 0x00007ffe317aa000 	C:\Program Files\Java\jre-9.0.4\bin\net.dll
0x00007ffe357b0000 - 0x00007ffe35878000 	C:\WINDOWS\SYSTEM32\WINHTTP.dll
0x00007ffe3ae80000 - 0x00007ffe3aedc000 	C:\WINDOWS\system32\mswsock.dll
0x00007ffe312f0000 - 0x00007ffe31301000 	C:\Program Files\Java\jre-9.0.4\bin\nio.dll
0x00007ffe14680000 - 0x00007ffe1480c000 	C:\WINDOWS\SYSTEM32\dbghelp.dll

VM Arguments:
jvm_args: -ea 
java_command: QueueToArrayTest.jar
java_class_path (initial): QueueToArrayTest.jar
Launcher Type: SUN_STANDARD

Logging:
Log output configuration:
#0: stdout all=warning uptime,level,tags
#1: stderr all=off uptime,level,tags

Environment Variables:
JAVA_HOME=C:\Program Files\Java\jdk-9.0.4
PATH=C:\Python35\Lib\site-packages\PyQt5;C:\ProgramData\Oracle\Java\javapath;C:\WINDOWS\system32;C:\WINDOWS;C:\WINDOWS\System32\Wbem;C:\WINDOWS\System32\WindowsPowerShell\v1.0\;C:\Program Files\Java\jdk-9.0.4;C:\Users\MSI\AppData\Local\Programs\Python\Python36-32;C:\Users\MSI\AppData\Local\Programs\Python\Python36-32\Scripts;C:\Program Files (x86)\NVIDIA Corporation\PhysX\Common;C:\Program Files\Git\cmd;C:\Program Files\Microsoft VS Code\bin;C:\CMake\bin;C:\Program Files\Java\jre1.8.0_144\bin;C:\Program Files\Java\jdk1.8.0_181\bin;C:\MinGW\bin
USERNAME=MSI
OS=Windows_NT
PROCESSOR_IDENTIFIER=Intel64 Family 6 Model 58 Stepping 9, GenuineIntel



---------------  S Y S T E M  ---------------

OS: Windows 10 , 64 bit Build 10586 (10.0.10586.0)

CPU:total 4 (initial active 4) (2 cores per cpu, 2 threads per core) family 6 model 58 stepping 9, cmov, cx8, fxsr, mmx, sse, sse2, sse3, ssse3, sse4.1, sse4.2, popcnt, avx, aes, clmul, erms, ht, tsc, tscinvbit, tscinv

Memory: 4k page, physical 8274524k(1494044k free), swap 8274524k(83376k free)

vm_info: Java HotSpot(TM) 64-Bit Server VM (9.0.4+11) for windows-amd64 JRE (9.0.4+11), built on Dec 20 2017 02:18:54 by "mach5one" with MS VC++ 12.0 (VS2013)

END.
