#
# There is insufficient memory for the Java Runtime Environment to continue.
# Native memory allocation (mmap) failed to map 84934656 bytes for Failed to commit area from 0x000000008b400000 to 0x0000000090500000 of length 84934656.
# Possible reasons:
#   The system is out of physical RAM or swap space
#   The process is running with CompressedOops enabled, and the Java Heap may be blocking the growth of the native heap
# Possible solutions:
#   Reduce memory load on the system
#   Increase physical memory or swap space
#   Check if swap backing store is full
#   Decrease Java heap size (-Xmx/-Xms)
#   Decrease number of Java threads
#   Decrease Java thread stack sizes (-Xss)
#   Set larger code cache with -XX:ReservedCodeCacheSize=
#   JVM is running with Unscaled Compressed Oops mode in which the Java heap is
#     placed in the first 4GB address space. The Java Heap base address is the
#     maximum limit for the native heap growth. Please use -XX:HeapBaseMinAddress
#     to set the Java Heap base and to place the Java Heap above 4GB virtual address.
# This output file may be truncated or incomplete.
#
#  Out of Memory Error (t:/workspace/hotspot/src/os/windows/vm/os_windows.cpp:3357), pid=11928, tid=7784
#
# JRE version: Java(TM) SE Runtime Environment (9.0+11) (build 9.0.4+11)
# Java VM: Java HotSpot(TM) 64-Bit Server VM (9.0.4+11, mixed mode, tiered, compressed oops, g1 gc, windows-amd64)
# No core dump will be written. Minidumps are not enabled by default on client versions of Windows
#

---------------  S U M M A R Y ------------

Command Line: -ea QueueTest.jar

Host: Intel(R) Core(TM) i5-3230M CPU @ 2.60GHz, 4 cores, 7G,  Windows 10 , 64 bit Build 10586 (10.0.10586.0)
Time: Mon Nov 26 23:58:12 2018 RTZ 2 (ceia) elapsed time: 4 seconds (0d 0h 0m 4s)

---------------  T H R E A D  ---------------

Current thread (0x00000222efa2a000):  VMThread "VM Thread" [stack: 0x0000005669600000,0x0000005669700000] [id=7784]

Stack: [0x0000005669600000,0x0000005669700000]
[error occurred during error reporting (printing stack bounds), id 0xe0000002]

Native frames: (J=compiled Java code, j=interpreted, Vv=VM code, C=native code)
V  [jvm.dll+0x587068]
V  [jvm.dll+0x69c25e]
V  [jvm.dll+0x69d17a]
V  [jvm.dll+0x69cd05]
V  [jvm.dll+0x69d71b]
V  [jvm.dll+0x5868c6]
V  [jvm.dll+0x586c98]
C  [ntdll.dll+0xa97fd]
C  [ntdll.dll+0x34c99]
C  [ntdll.dll+0xa890a]
C  0x00000222d8730e2a

VM_Operation (0x0000005668afee30): G1IncCollectionPause, mode: safepoint, requested by thread 0x00000222cfe8c800


---------------  P R O C E S S  ---------------

Java Threads: ( => current thread )
  0x00000222efd3e000 JavaThread "Service Thread" daemon [_thread_blocked, id=9472, stack(0x000000566a000000,0x000000566a100000)]
  0x00000222efb58000 JavaThread "Common-Cleaner" daemon [_thread_blocked, id=2240, stack(0x0000005669f00000,0x000000566a000000)]
  0x00000222efa7a800 JavaThread "Sweeper thread" daemon [_thread_blocked, id=9580, stack(0x0000005669e00000,0x0000005669f00000)]
  0x00000222efa73000 JavaThread "C1 CompilerThread2" daemon [_thread_blocked, id=11280, stack(0x0000005669d00000,0x0000005669e00000)]
  0x00000222efa70800 JavaThread "C2 CompilerThread1" daemon [_thread_blocked, id=5040, stack(0x0000005669c00000,0x0000005669d00000)]
  0x00000222efa6d800 JavaThread "C2 CompilerThread0" daemon [_thread_blocked, id=10056, stack(0x0000005669b00000,0x0000005669c00000)]
  0x00000222efa6a800 JavaThread "Attach Listener" daemon [_thread_blocked, id=4472, stack(0x0000005669a00000,0x0000005669b00000)]
  0x00000222efa69800 JavaThread "Signal Dispatcher" daemon [_thread_blocked, id=11128, stack(0x0000005669900000,0x0000005669a00000)]
  0x00000222efa31800 JavaThread "Finalizer" daemon [_thread_blocked, id=3764, stack(0x0000005669800000,0x0000005669900000)]
  0x00000222efa30000 JavaThread "Reference Handler" daemon [_thread_blocked, id=5312, stack(0x0000005669700000,0x0000005669800000)]
  0x00000222cfe8c800 JavaThread "main" [_thread_blocked, id=6688, stack(0x0000005668a00000,0x0000005668b00000)]

Other Threads:
=>0x00000222efa2a000 VMThread "VM Thread" [stack: 0x0000005669600000,0x0000005669700000] [id=7784]
  0x00000222efd43800 WatcherThread [stack: 0x000000566a100000,0x000000566a200000] [id=6284]
  0x00000222cfea4800 GCTaskThread "GC Thread#0" [stack: 0x0000005668b00000,0x0000005668c00000] [id=3868]
  0x00000222cfea6000 GCTaskThread "GC Thread#1" [stack: 0x0000005668c00000,0x0000005668d00000] [id=12280]
  0x00000222cfea9800 GCTaskThread "GC Thread#2" [stack: 0x0000005668d00000,0x0000005668e00000] [id=5072]
  0x00000222cfead000 GCTaskThread "GC Thread#3" [stack: 0x0000005668e00000,0x0000005668f00000] [id=10484]
  0x00000222cff33000 ConcurrentGCThread "G1 Main Marker" [stack: 0x0000005669400000,0x0000005669500000] [id=9528]
  0x00000222cfead800 ConcurrentGCThread "G1 Marker#0" [stack: 0x0000005669500000,0x0000005669600000] [id=4200]
  0x00000222cfec0800 ConcurrentGCThread "G1 Refine#0" [stack: 0x0000005669200000,0x0000005669300000] [id=11156]
  0x00000222cfebe000 ConcurrentGCThread "G1 Refine#1" [stack: 0x0000005669100000,0x0000005669200000] [id=3408]
  0x00000222cfebc800 ConcurrentGCThread "G1 Refine#2" [stack: 0x0000005669000000,0x0000005669100000] [id=7992]
  0x00000222cfeb9800 ConcurrentGCThread "G1 Refine#3" [stack: 0x0000005668f00000,0x0000005669000000] [id=1560]
  0x00000222cfeca800 ConcurrentGCThread "G1 Young RemSet Sampling" [stack: 0x0000005669300000,0x0000005669400000] [id=9824]

Threads with active compile tasks:

VM state:at safepoint (normal execution)

VM Mutex/Monitor currently owned by a thread:  ([mutex/lock_event])
[0x00000222cfe8b340] Threads_lock - owner thread: 0x00000222efa2a000
[0x00000222cfe8bcd0] Heap_lock - owner thread: 0x00000222cfe8c800

Heap address: 0x0000000081a00000, size: 2022 MB, Compressed Oops mode: 32-bit
Narrow klass base: 0x0000000000000000, Narrow klass shift: 3
Compressed class space size: 1073741824 Address: 0x0000000100000000

Heap:
 garbage-first heap   total 240640K, used 3659K [0x0000000081a00000, 0x0000000081b00758, 0x0000000100000000)
  region size 1024K, 2 young (2048K), 2 survivors (2048K)
 Metaspace       used 7064K, capacity 7534K, committed 7808K, reserved 1056768K
  class space    used 704K, capacity 778K, committed 896K, reserved 1048576K
Heap Regions: E=young(eden), S=young(survivor), O=old, HS=humongous(starts), HC=humongous(continues), CS=collection set, F=free, A=archive, TS=gc time stamp, AC=allocation context, TAMS=top-at-mark-start (previous, next)
|   0|0x0000000081a00000, 0x0000000081b00000, 0x0000000081b00000|100%| O|  |TS 31|AC  0|TAMS 0x0000000081a00000, 0x0000000081a00000|
|   1|0x0000000081b00000, 0x0000000081b92e00, 0x0000000081c00000| 57%| O|  |TS 31|AC  0|TAMS 0x0000000081b00000, 0x0000000081b00000|
|   2|0x0000000081c00000, 0x0000000081c00000, 0x0000000081d00000|  0%| F|  |TS  0|AC  0|TAMS 0x0000000081c00000, 0x0000000081c00000|
|   3|0x0000000081d00000, 0x0000000081d00000, 0x0000000081e00000|  0%| F|  |TS  0|AC  0|TAMS 0x0000000081d00000, 0x0000000081d00000|
|   4|0x0000000081e00000, 0x0000000081e00000, 0x0000000081f00000|  0%| F|  |TS  0|AC  0|TAMS 0x0000000081e00000, 0x0000000081e00000|
|   5|0x0000000081f00000, 0x0000000081f00000, 0x0000000082000000|  0%| F|  |TS  0|AC  0|TAMS 0x0000000081f00000, 0x0000000081f00000|
|   6|0x0000000082000000, 0x0000000082000000, 0x0000000082100000|  0%| F|  |TS  0|AC  0|TAMS 0x0000000082000000, 0x0000000082000000|
|   7|0x0000000082100000, 0x0000000082100000, 0x0000000082200000|  0%| F|  |TS  0|AC  0|TAMS 0x0000000082100000, 0x0000000082100000|
|   8|0x0000000082200000, 0x0000000082200000, 0x0000000082300000|  0%| F|  |TS  0|AC  0|TAMS 0x0000000082200000, 0x0000000082200000|
|   9|0x0000000082300000, 0x0000000082300000, 0x0000000082400000|  0%| F|  |TS  0|AC  0|TAMS 0x0000000082300000, 0x0000000082300000|
|  10|0x0000000082400000, 0x0000000082400000, 0x0000000082500000|  0%| F|  |TS  0|AC  0|TAMS 0x0000000082400000, 0x0000000082400000|
|  11|0x0000000082500000, 0x0000000082500000, 0x0000000082600000|  0%| F|  |TS  0|AC  0|TAMS 0x0000000082500000, 0x0000000082500000|
|  12|0x0000000082600000, 0x0000000082600000, 0x0000000082700000|  0%| F|  |TS  0|AC  0|TAMS 0x0000000082600000, 0x0000000082600000|
|  13|0x0000000082700000, 0x0000000082700000, 0x0000000082800000|  0%| F|  |TS  0|AC  0|TAMS 0x0000000082700000, 0x0000000082700000|
|  14|0x0000000082800000, 0x0000000082800000, 0x0000000082900000|  0%| F|  |TS  0|AC  0|TAMS 0x0000000082800000, 0x0000000082800000|
|  15|0x0000000082900000, 0x0000000082900000, 0x0000000082a00000|  0%| F|  |TS  0|AC  0|TAMS 0x0000000082900000, 0x0000000082900000|
|  16|0x0000000082a00000, 0x0000000082a00000, 0x0000000082b00000|  0%| F|  |TS  0|AC  0|TAMS 0x0000000082a00000, 0x0000000082a00000|
|  17|0x0000000082b00000, 0x0000000082b00000, 0x0000000082c00000|  0%| F|  |TS  0|AC  0|TAMS 0x0000000082b00000, 0x0000000082b00000|
|  18|0x0000000082c00000, 0x0000000082c00000, 0x0000000082d00000|  0%| F|  |TS  0|AC  0|TAMS 0x0000000082c00000, 0x0000000082c00000|
|  19|0x0000000082d00000, 0x0000000082d00000, 0x0000000082e00000|  0%| F|  |TS  0|AC  0|TAMS 0x0000000082d00000, 0x0000000082d00000|
|  20|0x0000000082e00000, 0x0000000082e00000, 0x0000000082f00000|  0%| F|  |TS  0|AC  0|TAMS 0x0000000082e00000, 0x0000000082e00000|
|  21|0x0000000082f00000, 0x0000000082f00000, 0x0000000083000000|  0%| F|  |TS  0|AC  0|TAMS 0x0000000082f00000, 0x0000000082f00000|
|  22|0x0000000083000000, 0x0000000083000000, 0x0000000083100000|  0%| F|  |TS  0|AC  0|TAMS 0x0000000083000000, 0x0000000083000000|
|  23|0x0000000083100000, 0x0000000083100000, 0x0000000083200000|  0%| F|  |TS  0|AC  0|TAMS 0x0000000083100000, 0x0000000083100000|
|  24|0x0000000083200000, 0x0000000083200000, 0x0000000083300000|  0%| F|  |TS  0|AC  0|TAMS 0x0000000083200000, 0x0000000083200000|
|  25|0x0000000083300000, 0x0000000083300000, 0x0000000083400000|  0%| F|  |TS  0|AC  0|TAMS 0x0000000083300000, 0x0000000083300000|
|  26|0x0000000083400000, 0x0000000083400000, 0x0000000083500000|  0%| F|  |TS  0|AC  0|TAMS 0x0000000083400000, 0x0000000083400000|
|  27|0x0000000083500000, 0x0000000083500000, 0x0000000083600000|  0%| F|  |TS  0|AC  0|TAMS 0x0000000083500000, 0x0000000083500000|
|  28|0x0000000083600000, 0x0000000083600000, 0x0000000083700000|  0%| F|  |TS  0|AC  0|TAMS 0x0000000083600000, 0x0000000083600000|
|  29|0x0000000083700000, 0x0000000083700000, 0x0000000083800000|  0%| F|  |TS  0|AC  0|TAMS 0x0000000083700000, 0x0000000083700000|
|  30|0x0000000083800000, 0x0000000083800000, 0x0000000083900000|  0%| F|  |TS  0|AC  0|TAMS 0x0000000083800000, 0x0000000083800000|
|  31|0x0000000083900000, 0x0000000083900000, 0x0000000083a00000|  0%| F|  |TS  0|AC  0|TAMS 0x0000000083900000, 0x0000000083900000|
|  32|0x0000000083a00000, 0x0000000083a00000, 0x0000000083b00000|  0%| F|  |TS  0|AC  0|TAMS 0x0000000083a00000, 0x0000000083a00000|
|  33|0x0000000083b00000, 0x0000000083b00000, 0x0000000083c00000|  0%| F|  |TS  0|AC  0|TAMS 0x0000000083b00000, 0x0000000083b00000|
|  34|0x0000000083c00000, 0x0000000083c00000, 0x0000000083d00000|  0%| F|  |TS  0|AC  0|TAMS 0x0000000083c00000, 0x0000000083c00000|
|  35|0x0000000083d00000, 0x0000000083d00000, 0x0000000083e00000|  0%| F|  |TS  0|AC  0|TAMS 0x0000000083d00000, 0x0000000083d00000|
|  36|0x0000000083e00000, 0x0000000083e00000, 0x0000000083f00000|  0%| F|  |TS  0|AC  0|TAMS 0x0000000083e00000, 0x0000000083e00000|
|  37|0x0000000083f00000, 0x0000000083f00000, 0x0000000084000000|  0%| F|  |TS  0|AC  0|TAMS 0x0000000083f00000, 0x0000000083f00000|
|  38|0x0000000084000000, 0x0000000084000000, 0x0000000084100000|  0%| F|  |TS  0|AC  0|TAMS 0x0000000084000000, 0x0000000084000000|
|  39|0x0000000084100000, 0x0000000084100000, 0x0000000084200000|  0%| F|  |TS  0|AC  0|TAMS 0x0000000084100000, 0x0000000084100000|
|  40|0x0000000084200000, 0x0000000084200000, 0x0000000084300000|  0%| F|  |TS  0|AC  0|TAMS 0x0000000084200000, 0x0000000084200000|
|  41|0x0000000084300000, 0x0000000084300000, 0x0000000084400000|  0%| F|  |TS  0|AC  0|TAMS 0x0000000084300000, 0x0000000084300000|
|  42|0x0000000084400000, 0x0000000084400000, 0x0000000084500000|  0%| F|  |TS  0|AC  0|TAMS 0x0000000084400000, 0x0000000084400000|
|  43|0x0000000084500000, 0x0000000084500000, 0x0000000084600000|  0%| F|  |TS  0|AC  0|TAMS 0x0000000084500000, 0x0000000084500000|
|  44|0x0000000084600000, 0x0000000084600000, 0x0000000084700000|  0%| F|  |TS  0|AC  0|TAMS 0x0000000084600000, 0x0000000084600000|
|  45|0x0000000084700000, 0x0000000084700000, 0x0000000084800000|  0%| F|  |TS  0|AC  0|TAMS 0x0000000084700000, 0x0000000084700000|
|  46|0x0000000084800000, 0x0000000084800000, 0x0000000084900000|  0%| F|  |TS  0|AC  0|TAMS 0x0000000084800000, 0x0000000084800000|
|  47|0x0000000084900000, 0x0000000084900000, 0x0000000084a00000|  0%| F|  |TS  0|AC  0|TAMS 0x0000000084900000, 0x0000000084900000|
|  48|0x0000000084a00000, 0x0000000084a00000, 0x0000000084b00000|  0%| F|  |TS  0|AC  0|TAMS 0x0000000084a00000, 0x0000000084a00000|
|  49|0x0000000084b00000, 0x0000000084b00000, 0x0000000084c00000|  0%| F|  |TS 25|AC  0|TAMS 0x0000000084b00000, 0x0000000084b00000|
|  50|0x0000000084c00000, 0x0000000084c00000, 0x0000000084d00000|  0%| F|  |TS 25|AC  0|TAMS 0x0000000084c00000, 0x0000000084c00000|
|  51|0x0000000084d00000, 0x0000000084d00000, 0x0000000084e00000|  0%| F|  |TS 25|AC  0|TAMS 0x0000000084d00000, 0x0000000084d00000|
|  52|0x0000000084e00000, 0x0000000084e00000, 0x0000000084f00000|  0%| F|  |TS 23|AC  0|TAMS 0x0000000084e00000, 0x0000000084e00000|
|  53|0x0000000084f00000, 0x0000000084f00000, 0x0000000085000000|  0%| F|  |TS 23|AC  0|TAMS 0x0000000084f00000, 0x0000000084f00000|
|  54|0x0000000085000000, 0x0000000085000000, 0x0000000085100000|  0%| F|  |TS 23|AC  0|TAMS 0x0000000085000000, 0x0000000085000000|
|  55|0x0000000085100000, 0x0000000085100000, 0x0000000085200000|  0%| F|  |TS 23|AC  0|TAMS 0x0000000085100000, 0x0000000085100000|
|  56|0x0000000085200000, 0x0000000085200000, 0x0000000085300000|  0%| F|  |TS 23|AC  0|TAMS 0x0000000085200000, 0x0000000085200000|
|  57|0x0000000085300000, 0x0000000085300000, 0x0000000085400000|  0%| F|  |TS 23|AC  0|TAMS 0x0000000085300000, 0x0000000085300000|
|  58|0x0000000085400000, 0x0000000085400000, 0x0000000085500000|  0%| F|  |TS 23|AC  0|TAMS 0x0000000085400000, 0x0000000085400000|
|  59|0x0000000085500000, 0x0000000085500000, 0x0000000085600000|  0%| F|  |TS 29|AC  0|TAMS 0x0000000085500000, 0x0000000085500000|
|  60|0x0000000085600000, 0x0000000085700000, 0x0000000085700000|100%| S|CS|TS 31|AC  0|TAMS 0x0000000085600000, 0x0000000085600000|
|  61|0x0000000085700000, 0x0000000085800000, 0x0000000085800000|100%| S|CS|TS 31|AC  0|TAMS 0x0000000085700000, 0x0000000085700000|
|  62|0x0000000085800000, 0x0000000085800000, 0x0000000085900000|  0%| F|  |TS 31|AC  0|TAMS 0x0000000085800000, 0x0000000085800000|
|  63|0x0000000085900000, 0x0000000085900000, 0x0000000085a00000|  0%| F|  |TS 31|AC  0|TAMS 0x0000000085900000, 0x0000000085900000|
|  64|0x0000000085a00000, 0x0000000085a00000, 0x0000000085b00000|  0%| F|  |TS 31|AC  0|TAMS 0x0000000085a00000, 0x0000000085a00000|
|  65|0x0000000085b00000, 0x0000000085b00000, 0x0000000085c00000|  0%| F|  |TS 31|AC  0|TAMS 0x0000000085b00000, 0x0000000085b00000|
|  66|0x0000000085c00000, 0x0000000085c00000, 0x0000000085d00000|  0%| F|  |TS 31|AC  0|TAMS 0x0000000085c00000, 0x0000000085c00000|
|  67|0x0000000085d00000, 0x0000000085d00000, 0x0000000085e00000|  0%| F|  |TS 31|AC  0|TAMS 0x0000000085d00000, 0x0000000085d00000|
|  68|0x0000000085e00000, 0x0000000085e00000, 0x0000000085f00000|  0%| F|  |TS 31|AC  0|TAMS 0x0000000085e00000, 0x0000000085e00000|
|  69|0x0000000085f00000, 0x0000000085f00000, 0x0000000086000000|  0%| F|  |TS 31|AC  0|TAMS 0x0000000085f00000, 0x0000000085f00000|
|  70|0x0000000086000000, 0x0000000086000000, 0x0000000086100000|  0%| F|  |TS 31|AC  0|TAMS 0x0000000086000000, 0x0000000086000000|
|  71|0x0000000086100000, 0x0000000086100000, 0x0000000086200000|  0%| F|  |TS 31|AC  0|TAMS 0x0000000086100000, 0x0000000086100000|
|  72|0x0000000086200000, 0x0000000086200000, 0x0000000086300000|  0%| F|  |TS 31|AC  0|TAMS 0x0000000086200000, 0x0000000086200000|
|  73|0x0000000086300000, 0x0000000086300000, 0x0000000086400000|  0%| F|  |TS 31|AC  0|TAMS 0x0000000086300000, 0x0000000086300000|
|  74|0x0000000086400000, 0x0000000086400000, 0x0000000086500000|  0%| F|  |TS 31|AC  0|TAMS 0x0000000086400000, 0x0000000086400000|
|  75|0x0000000086500000, 0x0000000086500000, 0x0000000086600000|  0%| F|  |TS 31|AC  0|TAMS 0x0000000086500000, 0x0000000086500000|
|  76|0x0000000086600000, 0x0000000086600000, 0x0000000086700000|  0%| F|  |TS 31|AC  0|TAMS 0x0000000086600000, 0x0000000086600000|
|  77|0x0000000086700000, 0x0000000086700000, 0x0000000086800000|  0%| F|  |TS 31|AC  0|TAMS 0x0000000086700000, 0x0000000086700000|
|  78|0x0000000086800000, 0x0000000086800000, 0x0000000086900000|  0%| F|  |TS 31|AC  0|TAMS 0x0000000086800000, 0x0000000086800000|
|  79|0x0000000086900000, 0x0000000086900000, 0x0000000086a00000|  0%| F|  |TS 31|AC  0|TAMS 0x0000000086900000, 0x0000000086900000|
|  80|0x0000000086a00000, 0x0000000086a00000, 0x0000000086b00000|  0%| F|  |TS 31|AC  0|TAMS 0x0000000086a00000, 0x0000000086a00000|
|  81|0x0000000086b00000, 0x0000000086b00000, 0x0000000086c00000|  0%| F|  |TS 31|AC  0|TAMS 0x0000000086b00000, 0x0000000086b00000|
|  82|0x0000000086c00000, 0x0000000086c00000, 0x0000000086d00000|  0%| F|  |TS 31|AC  0|TAMS 0x0000000086c00000, 0x0000000086c00000|
|  83|0x0000000086d00000, 0x0000000086d00000, 0x0000000086e00000|  0%| F|  |TS 31|AC  0|TAMS 0x0000000086d00000, 0x0000000086d00000|
|  84|0x0000000086e00000, 0x0000000086e00000, 0x0000000086f00000|  0%| F|  |TS 31|AC  0|TAMS 0x0000000086e00000, 0x0000000086e00000|
|  85|0x0000000086f00000, 0x0000000086f00000, 0x0000000087000000|  0%| F|  |TS 31|AC  0|TAMS 0x0000000086f00000, 0x0000000086f00000|
|  86|0x0000000087000000, 0x0000000087000000, 0x0000000087100000|  0%| F|  |TS 31|AC  0|TAMS 0x0000000087000000, 0x0000000087000000|
|  87|0x0000000087100000, 0x0000000087100000, 0x0000000087200000|  0%| F|  |TS 31|AC  0|TAMS 0x0000000087100000, 0x0000000087100000|
|  88|0x0000000087200000, 0x0000000087200000, 0x0000000087300000|  0%| F|  |TS 31|AC  0|TAMS 0x0000000087200000, 0x0000000087200000|
|  89|0x0000000087300000, 0x0000000087300000, 0x0000000087400000|  0%| F|  |TS 31|AC  0|TAMS 0x0000000087300000, 0x0000000087300000|
|  90|0x0000000087400000, 0x0000000087400000, 0x0000000087500000|  0%| F|  |TS 31|AC  0|TAMS 0x0000000087400000, 0x0000000087400000|
|  91|0x0000000087500000, 0x0000000087500000, 0x0000000087600000|  0%| F|  |TS 31|AC  0|TAMS 0x0000000087500000, 0x0000000087500000|
|  92|0x0000000087600000, 0x0000000087600000, 0x0000000087700000|  0%| F|  |TS 31|AC  0|TAMS 0x0000000087600000, 0x0000000087600000|
|  93|0x0000000087700000, 0x0000000087700000, 0x0000000087800000|  0%| F|  |TS 31|AC  0|TAMS 0x0000000087700000, 0x0000000087700000|
|  94|0x0000000087800000, 0x0000000087800000, 0x0000000087900000|  0%| F|  |TS 31|AC  0|TAMS 0x0000000087800000, 0x0000000087800000|
|  95|0x0000000087900000, 0x0000000087900000, 0x0000000087a00000|  0%| F|  |TS 31|AC  0|TAMS 0x0000000087900000, 0x0000000087900000|
|  96|0x0000000087a00000, 0x0000000087a00000, 0x0000000087b00000|  0%| F|  |TS 31|AC  0|TAMS 0x0000000087a00000, 0x0000000087a00000|
|  97|0x0000000087b00000, 0x0000000087b00000, 0x0000000087c00000|  0%| F|  |TS 31|AC  0|TAMS 0x0000000087b00000, 0x0000000087b00000|
|  98|0x0000000087c00000, 0x0000000087c00000, 0x0000000087d00000|  0%| F|  |TS 31|AC  0|TAMS 0x0000000087c00000, 0x0000000087c00000|
|  99|0x0000000087d00000, 0x0000000087d00000, 0x0000000087e00000|  0%| F|  |TS 31|AC  0|TAMS 0x0000000087d00000, 0x0000000087d00000|
| 100|0x0000000087e00000, 0x0000000087e00000, 0x0000000087f00000|  0%| F|  |TS 31|AC  0|TAMS 0x0000000087e00000, 0x0000000087e00000|
| 101|0x0000000087f00000, 0x0000000087f00000, 0x0000000088000000|  0%| F|  |TS 31|AC  0|TAMS 0x0000000087f00000, 0x0000000087f00000|
| 102|0x0000000088000000, 0x0000000088000000, 0x0000000088100000|  0%| F|  |TS 31|AC  0|TAMS 0x0000000088000000, 0x0000000088000000|
| 103|0x0000000088100000, 0x0000000088100000, 0x0000000088200000|  0%| F|  |TS 31|AC  0|TAMS 0x0000000088100000, 0x0000000088100000|
| 104|0x0000000088200000, 0x0000000088200000, 0x0000000088300000|  0%| F|  |TS 31|AC  0|TAMS 0x0000000088200000, 0x0000000088200000|
| 105|0x0000000088300000, 0x0000000088300000, 0x0000000088400000|  0%| F|  |TS 31|AC  0|TAMS 0x0000000088300000, 0x0000000088300000|
| 106|0x0000000088400000, 0x0000000088400000, 0x0000000088500000|  0%| F|  |TS 31|AC  0|TAMS 0x0000000088400000, 0x0000000088400000|
| 107|0x0000000088500000, 0x0000000088500000, 0x0000000088600000|  0%| F|  |TS 31|AC  0|TAMS 0x0000000088500000, 0x0000000088500000|
| 108|0x0000000088600000, 0x0000000088600000, 0x0000000088700000|  0%| F|  |TS 31|AC  0|TAMS 0x0000000088600000, 0x0000000088600000|
| 109|0x0000000088700000, 0x0000000088700000, 0x0000000088800000|  0%| F|  |TS 31|AC  0|TAMS 0x0000000088700000, 0x0000000088700000|
| 110|0x0000000088800000, 0x0000000088800000, 0x0000000088900000|  0%| F|  |TS 31|AC  0|TAMS 0x0000000088800000, 0x0000000088800000|
| 111|0x0000000088900000, 0x0000000088900000, 0x0000000088a00000|  0%| F|  |TS 31|AC  0|TAMS 0x0000000088900000, 0x0000000088900000|
| 112|0x0000000088a00000, 0x0000000088a00000, 0x0000000088b00000|  0%| F|  |TS 31|AC  0|TAMS 0x0000000088a00000, 0x0000000088a00000|
| 113|0x0000000088b00000, 0x0000000088b00000, 0x0000000088c00000|  0%| F|  |TS 31|AC  0|TAMS 0x0000000088b00000, 0x0000000088b00000|
| 114|0x0000000088c00000, 0x0000000088c00000, 0x0000000088d00000|  0%| F|  |TS 31|AC  0|TAMS 0x0000000088c00000, 0x0000000088c00000|
| 115|0x0000000088d00000, 0x0000000088d00000, 0x0000000088e00000|  0%| F|  |TS 31|AC  0|TAMS 0x0000000088d00000, 0x0000000088d00000|
| 116|0x0000000088e00000, 0x0000000088e00000, 0x0000000088f00000|  0%| F|  |TS 31|AC  0|TAMS 0x0000000088e00000, 0x0000000088e00000|
| 117|0x0000000088f00000, 0x0000000088f00000, 0x0000000089000000|  0%| F|  |TS 31|AC  0|TAMS 0x0000000088f00000, 0x0000000088f00000|
| 118|0x0000000089000000, 0x0000000089000000, 0x0000000089100000|  0%| F|  |TS 31|AC  0|TAMS 0x0000000089000000, 0x0000000089000000|
| 119|0x0000000089100000, 0x0000000089100000, 0x0000000089200000|  0%| F|  |TS 31|AC  0|TAMS 0x0000000089100000, 0x0000000089100000|
| 120|0x0000000089200000, 0x0000000089200000, 0x0000000089300000|  0%| F|  |TS 31|AC  0|TAMS 0x0000000089200000, 0x0000000089200000|
| 121|0x0000000089300000, 0x0000000089300000, 0x0000000089400000|  0%| F|  |TS 31|AC  0|TAMS 0x0000000089300000, 0x0000000089300000|
| 122|0x0000000089400000, 0x0000000089400000, 0x0000000089500000|  0%| F|  |TS 31|AC  0|TAMS 0x0000000089400000, 0x0000000089400000|
| 123|0x0000000089500000, 0x0000000089500000, 0x0000000089600000|  0%| F|  |TS 31|AC  0|TAMS 0x0000000089500000, 0x0000000089500000|
| 124|0x0000000089600000, 0x0000000089600000, 0x0000000089700000|  0%| F|  |TS 31|AC  0|TAMS 0x0000000089600000, 0x0000000089600000|
| 125|0x0000000089700000, 0x0000000089700000, 0x0000000089800000|  0%| F|  |TS 31|AC  0|TAMS 0x0000000089700000, 0x0000000089700000|
| 126|0x0000000089800000, 0x0000000089800000, 0x0000000089900000|  0%| F|  |TS 31|AC  0|TAMS 0x0000000089800000, 0x0000000089800000|
| 127|0x0000000089900000, 0x0000000089900000, 0x0000000089a00000|  0%| F|  |TS 31|AC  0|TAMS 0x0000000089900000, 0x0000000089900000|
| 128|0x0000000089a00000, 0x0000000089a00000, 0x0000000089b00000|  0%| F|  |TS 31|AC  0|TAMS 0x0000000089a00000, 0x0000000089a00000|
| 129|0x0000000089b00000, 0x0000000089b00000, 0x0000000089c00000|  0%| F|  |TS 31|AC  0|TAMS 0x0000000089b00000, 0x0000000089b00000|
| 130|0x0000000089c00000, 0x0000000089c00000, 0x0000000089d00000|  0%| F|  |TS 31|AC  0|TAMS 0x0000000089c00000, 0x0000000089c00000|
| 131|0x0000000089d00000, 0x0000000089d00000, 0x0000000089e00000|  0%| F|  |TS 31|AC  0|TAMS 0x0000000089d00000, 0x0000000089d00000|
| 132|0x0000000089e00000, 0x0000000089e00000, 0x0000000089f00000|  0%| F|  |TS 31|AC  0|TAMS 0x0000000089e00000, 0x0000000089e00000|
| 133|0x0000000089f00000, 0x0000000089f00000, 0x000000008a000000|  0%| F|  |TS 31|AC  0|TAMS 0x0000000089f00000, 0x0000000089f00000|
| 134|0x000000008a000000, 0x000000008a000000, 0x000000008a100000|  0%| F|  |TS 31|AC  0|TAMS 0x000000008a000000, 0x000000008a000000|
| 135|0x000000008a100000, 0x000000008a100000, 0x000000008a200000|  0%| F|  |TS 31|AC  0|TAMS 0x000000008a100000, 0x000000008a100000|
| 136|0x000000008a200000, 0x000000008a200000, 0x000000008a300000|  0%| F|  |TS 31|AC  0|TAMS 0x000000008a200000, 0x000000008a200000|
| 137|0x000000008a300000, 0x000000008a300000, 0x000000008a400000|  0%| F|  |TS 31|AC  0|TAMS 0x000000008a300000, 0x000000008a300000|
| 138|0x000000008a400000, 0x000000008a400000, 0x000000008a500000|  0%| F|  |TS 31|AC  0|TAMS 0x000000008a400000, 0x000000008a400000|
| 139|0x000000008a500000, 0x000000008a500000, 0x000000008a600000|  0%| F|  |TS 31|AC  0|TAMS 0x000000008a500000, 0x000000008a500000|
| 140|0x000000008a600000, 0x000000008a600000, 0x000000008a700000|  0%| F|  |TS 31|AC  0|TAMS 0x000000008a600000, 0x000000008a600000|
| 141|0x000000008a700000, 0x000000008a700000, 0x000000008a800000|  0%| F|  |TS 31|AC  0|TAMS 0x000000008a700000, 0x000000008a700000|
| 142|0x000000008a800000, 0x000000008a800000, 0x000000008a900000|  0%| F|  |TS 31|AC  0|TAMS 0x000000008a800000, 0x000000008a800000|
| 143|0x000000008a900000, 0x000000008a900000, 0x000000008aa00000|  0%| F|  |TS 31|AC  0|TAMS 0x000000008a900000, 0x000000008a900000|
| 144|0x000000008aa00000, 0x000000008aa00000, 0x000000008ab00000|  0%| F|  |TS 31|AC  0|TAMS 0x000000008aa00000, 0x000000008aa00000|
| 145|0x000000008ab00000, 0x000000008ab00000, 0x000000008ac00000|  0%| F|  |TS 31|AC  0|TAMS 0x000000008ab00000, 0x000000008ab00000|
| 146|0x000000008ac00000, 0x000000008ac00000, 0x000000008ad00000|  0%| F|  |TS 31|AC  0|TAMS 0x000000008ac00000, 0x000000008ac00000|
| 147|0x000000008ad00000, 0x000000008ad00000, 0x000000008ae00000|  0%| F|  |TS 31|AC  0|TAMS 0x000000008ad00000, 0x000000008ad00000|
| 148|0x000000008ae00000, 0x000000008ae00000, 0x000000008af00000|  0%| F|  |TS 31|AC  0|TAMS 0x000000008ae00000, 0x000000008ae00000|
| 149|0x000000008af00000, 0x000000008af00000, 0x000000008b000000|  0%| F|  |TS 31|AC  0|TAMS 0x000000008af00000, 0x000000008af00000|
| 150|0x000000008b000000, 0x000000008b000000, 0x000000008b100000|  0%| F|  |TS 31|AC  0|TAMS 0x000000008b000000, 0x000000008b000000|
| 151|0x000000008b100000, 0x000000008b100000, 0x000000008b200000|  0%| F|  |TS 31|AC  0|TAMS 0x000000008b100000, 0x000000008b100000|
| 152|0x000000008b200000, 0x000000008b200000, 0x000000008b300000|  0%| F|  |TS 31|AC  0|TAMS 0x000000008b200000, 0x000000008b200000|
| 153|0x000000008b300000, 0x000000008b300000, 0x000000008b400000|  0%| F|  |TS 31|AC  0|TAMS 0x000000008b300000, 0x000000008b300000|

Card table byte_map: [0x00000222e8470000,0x00000222e8870000] byte_map_base: 0x00000222e8063000

Marking Bits (Prev, Next): (CMBitMap*) 0x00000222cff321d0, (CMBitMap*) 0x00000222cff32208
 Prev Bits: [0x00000222e8c70000, 0x00000222eac08000)
 Next Bits: [0x00000222eac10000, 0x00000222ecba8000)

Polling page: 0x00000222cfe10000

CodeHeap 'non-profiled nmethods': size=120064Kb used=786Kb max_used=786Kb free=119277Kb
 bounds [0x00000222e01f0000, 0x00000222e0460000, 0x00000222e7730000]
CodeHeap 'profiled nmethods': size=120000Kb used=1360Kb max_used=1360Kb free=118639Kb
 bounds [0x00000222d8cc0000, 0x00000222d8f30000, 0x00000222e01f0000]
CodeHeap 'non-nmethods': size=5696Kb used=1213Kb max_used=1300Kb free=4482Kb
 bounds [0x00000222d8730000, 0x00000222d89a0000, 0x00000222d8cc0000]
 total_blobs=1638 nmethods=835 adapters=274
 compilation: enabled

Compilation events (10 events):
Event: 4.647 Thread 0x00000222efa70800  831   !   4       jdk.internal.reflect.GeneratedMethodAccessor24::invoke (61 bytes)
Event: 4.648 Thread 0x00000222efa70800 nmethod 831 0x00000222e02b2c10 code [0x00000222e02b2da0, 0x00000222e02b2e98]
Event: 4.704 Thread 0x00000222efa6d800  832       4       queue.LinkedQueue::dequeueImpl (25 bytes)
Event: 4.704 Thread 0x00000222efa70800  833   !   4       jdk.internal.reflect.GeneratedMethodAccessor25::invoke (61 bytes)
Event: 4.706 Thread 0x00000222efa6d800 nmethod 832 0x00000222e02b3010 code [0x00000222e02b31a0, 0x00000222e02b3318]
Event: 4.707 Thread 0x00000222efa70800 nmethod 833 0x00000222e02b3410 code [0x00000222e02b35a0, 0x00000222e02b37b8]
Event: 4.724 Thread 0x00000222efa6d800  834 %     4       java.util.ArrayDeque::grow @ 145 (165 bytes)
Event: 4.726 Thread 0x00000222efa6d800 nmethod 834% 0x00000222e02b3990 code [0x00000222e02b3b20, 0x00000222e02b3cd8]
Event: 4.775 Thread 0x00000222efa70800  835       4       java.util.ArrayDeque::grow (165 bytes)
Event: 4.785 Thread 0x00000222efa70800 nmethod 835 0x00000222e02b3e10 code [0x00000222e02b3fc0, 0x00000222e02b46c8]

GC Heap History (10 events):
Event: 4.228 GC heap after
{Heap after GC invocations=11 (full 0):
 garbage-first heap   total 131072K, used 2048K [0x0000000081a00000, 0x0000000081b00400, 0x0000000100000000)
  region size 1024K, 2 young (2048K), 2 survivors (2048K)
 Metaspace       used 7024K, capacity 7420K, committed 7552K, reserved 1056768K
  class space    used 698K, capacity 769K, committed 896K, reserved 1048576K
}
Event: 4.341 GC heap before
{Heap before GC invocations=11 (full 0):
 garbage-first heap   total 131072K, used 77824K [0x0000000081a00000, 0x0000000081b00400, 0x0000000100000000)
  region size 1024K, 76 young (77824K), 2 survivors (2048K)
 Metaspace       used 7024K, capacity 7420K, committed 7552K, reserved 1056768K
  class space    used 698K, capacity 769K, committed 896K, reserved 1048576K
}
Event: 4.347 GC heap after
{Heap after GC invocations=12 (full 0):
 garbage-first heap   total 157696K, used 2228K [0x0000000081a00000, 0x0000000081b004d0, 0x0000000100000000)
  region size 1024K, 3 young (3072K), 3 survivors (3072K)
 Metaspace       used 7024K, capacity 7420K, committed 7552K, reserved 1056768K
  class space    used 698K, capacity 769K, committed 896K, reserved 1048576K
}
Event: 4.495 GC heap before
{Heap before GC invocations=12 (full 0):
 garbage-first heap   total 157696K, used 93364K [0x0000000081a00000, 0x0000000081b004d0, 0x0000000100000000)
  region size 1024K, 92 young (94208K), 3 survivors (3072K)
 Metaspace       used 7024K, capacity 7420K, committed 7552K, reserved 1056768K
  class space    used 698K, capacity 769K, committed 896K, reserved 1048576K
}
Event: 4.502 GC heap after
{Heap after GC invocations=13 (full 0):
 garbage-first heap   total 157696K, used 2338K [0x0000000081a00000, 0x0000000081b004d0, 0x0000000100000000)
  region size 1024K, 3 young (3072K), 3 survivors (3072K)
 Metaspace       used 7024K, capacity 7420K, committed 7552K, reserved 1056768K
  class space    used 698K, capacity 769K, committed 896K, reserved 1048576K
}
Event: 4.660 GC heap before
{Heap before GC invocations=13 (full 0):
 garbage-first heap   total 157696K, used 93474K [0x0000000081a00000, 0x0000000081b004d0, 0x0000000100000000)
  region size 1024K, 92 young (94208K), 3 survivors (3072K)
 Metaspace       used 7064K, capacity 7534K, committed 7808K, reserved 1056768K
  class space    used 704K, capacity 778K, committed 896K, reserved 1048576K
}
Event: 4.664 GC heap after
{Heap after GC invocations=14 (full 0):
 garbage-first heap   total 157696K, used 2150K [0x0000000081a00000, 0x0000000081b004d0, 0x0000000100000000)
  region size 1024K, 3 young (3072K), 3 survivors (3072K)
 Metaspace       used 7064K, capacity 7534K, committed 7808K, reserved 1056768K
  class space    used 704K, capacity 778K, committed 896K, reserved 1048576K
}
Event: 4.790 GC heap before
{Heap before GC invocations=14 (full 0):
 garbage-first heap   total 157696K, used 93286K [0x0000000081a00000, 0x0000000081b004d0, 0x0000000100000000)
  region size 1024K, 92 young (94208K), 3 survivors (3072K)
 Metaspace       used 7064K, capacity 7534K, committed 7808K, reserved 1056768K
  class space    used 704K, capacity 778K, committed 896K, reserved 1048576K
}
Event: 4.802 GC heap after
{Heap after GC invocations=15 (full 0):
 garbage-first heap   total 157696K, used 2820K [0x0000000081a00000, 0x0000000081b004d0, 0x0000000100000000)
  region size 1024K, 3 young (3072K), 3 survivors (3072K)
 Metaspace       used 7064K, capacity 7534K, committed 7808K, reserved 1056768K
  class space    used 704K, capacity 778K, committed 896K, reserved 1048576K
}
Event: 4.926 GC heap before
{Heap before GC invocations=15 (full 0):
 garbage-first heap   total 157696K, used 93956K [0x0000000081a00000, 0x0000000081b004d0, 0x0000000100000000)
  region size 1024K, 92 young (94208K), 3 survivors (3072K)
 Metaspace       used 7064K, capacity 7534K, committed 7808K, reserved 1056768K
  class space    used 704K, capacity 778K, committed 896K, reserved 1048576K
}

Deoptimization events (10 events):
Event: 4.060 Thread 0x00000222cfe8c800 Uncommon trap: reason=unstable_if action=reinterpret pc=0x00000222e026fe0c method=java.util.ArrayDeque.addLast(Ljava/lang/Object;)V @ 42 c2
Event: 4.063 Thread 0x00000222cfe8c800 Uncommon trap: reason=unstable_if action=reinterpret pc=0x00000222e02977c8 method=java.lang.Long.getChars(JI[B)I @ 90 c2
Event: 4.063 Thread 0x00000222cfe8c800 Uncommon trap: reason=unstable_if action=reinterpret pc=0x00000222e0296224 method=java.lang.Long.getChars(JI[B)I @ 90 c2
Event: 4.063 Thread 0x00000222cfe8c800 Uncommon trap: reason=unstable_if action=reinterpret pc=0x00000222e02985d0 method=java.lang.Long.getChars(JI[B)I @ 90 c2
Event: 4.063 Thread 0x00000222cfe8c800 Uncommon trap: reason=unstable_if action=reinterpret pc=0x00000222e0296dd4 method=java.lang.Long.getChars(JI[B)I @ 90 c2
Event: 4.064 Thread 0x00000222cfe8c800 Uncommon trap: reason=unstable_fused_if action=reinterpret pc=0x00000222e0266930 method=java.lang.Integer.valueOf(I)Ljava/lang/Integer; @ 3 c2
Event: 4.064 Thread 0x00000222cfe8c800 Uncommon trap: reason=unstable_fused_if action=reinterpret pc=0x00000222e0280d70 method=java.lang.Integer.valueOf(I)Ljava/lang/Integer; @ 3 c2
Event: 4.114 Thread 0x00000222cfe8c800 Uncommon trap: reason=unstable_if action=reinterpret pc=0x00000222e028a7a0 method=java.util.ArrayDeque.addLast(Ljava/lang/Object;)V @ 42 c2
Event: 4.596 Thread 0x00000222cfe8c800 Uncommon trap: reason=unstable_if action=reinterpret pc=0x00000222e02a78c8 method=queue.LinkedQueue.dequeueImpl()V @ 16 c2
Event: 4.596 Thread 0x00000222cfe8c800 Uncommon trap: reason=unstable_if action=reinterpret pc=0x00000222e02a3f1c method=queue.AbstractQueue.isEmpty()Z @ 4 c2

Classes redefined (0 events):
No events

Internal exceptions (3 events):
Event: 1.244 Thread 0x00000222cfe8c800 Exception <a 'java/io/FileNotFoundException'{0x00000000898264c8}> (0x00000000898264c8) thrown at [t:/workspace/hotspot/src/share/vm/prims/jni.cpp, line 604]
Event: 1.599 Thread 0x00000222cfe8c800 Exception <a 'java/lang/NoSuchMethodError'{0x00000000897bd8c0}: java.lang.Object.lambda$union$2(Ljava/util/regex/Pattern$CharPredicate;I)Z> (0x00000000897bd8c0) thrown at [t:/workspace/hotspot/src/share/vm/interpreter/linkResolver.cpp, line 731]
Event: 1.689 Thread 0x00000222cfe8c800 Exception <a 'java/lang/NoSuchMethodError'{0x00000000897d5008}: java.lang.invoke.DirectMethodHandle$Holder.invokeSpecial(Ljava/lang/Object;Ljava/lang/Object;Ljava/lang/Object;)I> (0x00000000897d5008) thrown at [t:/workspace/hotspot/src/share/vm/interprete

Events (10 events):
Event: 4.598 loading class queue/AbstractQueue done
Event: 4.599 loading class queue/Queue
Event: 4.599 loading class queue/Queue done
Event: 4.601 loading class queue/LinkedQueue$Node
Event: 4.601 loading class queue/LinkedQueue$Node done
Event: 4.660 Executing VM operation: G1IncCollectionPause
Event: 4.664 Executing VM operation: G1IncCollectionPause done
Event: 4.790 Executing VM operation: G1IncCollectionPause
Event: 4.802 Executing VM operation: G1IncCollectionPause done
Event: 4.926 Executing VM operation: G1IncCollectionPause


Dynamic libraries:
0x00007ff6c8b10000 - 0x00007ff6c8b4e000 	C:\ProgramData\Oracle\Java\javapath\java.exe
0x00007ffe3f000000 - 0x00007ffe3f1c1000 	C:\WINDOWS\SYSTEM32\ntdll.dll
0x00007ffe3ef50000 - 0x00007ffe3effd000 	C:\WINDOWS\system32\KERNEL32.DLL
0x00007ffe20c40000 - 0x00007ffe20c74000 	C:\Program Files\AVAST Software\Avast\x64\aswhooka.dll
0x00007ffe3ba00000 - 0x00007ffe3bbe8000 	C:\WINDOWS\system32\KERNELBASE.dll
0x00007ffe3c590000 - 0x00007ffe3c637000 	C:\WINDOWS\system32\ADVAPI32.dll
0x00007ffe3c6b0000 - 0x00007ffe3c74d000 	C:\WINDOWS\system32\msvcrt.dll
0x00007ffe3c420000 - 0x00007ffe3c47b000 	C:\WINDOWS\system32\sechost.dll
0x00007ffe3c910000 - 0x00007ffe3ca2c000 	C:\WINDOWS\system32\RPCRT4.dll
0x00007ffe3d4e0000 - 0x00007ffe3d636000 	C:\WINDOWS\system32\USER32.dll
0x00007ffe3cef0000 - 0x00007ffe3d076000 	C:\WINDOWS\system32\GDI32.dll
0x00007ffe2f9b0000 - 0x00007ffe2fc24000 	C:\WINDOWS\WinSxS\amd64_microsoft.windows.common-controls_6595b64144ccf1df_6.0.10586.0_none_8c15ae12515e1c22\COMCTL32.dll
0x00007ffe3eba0000 - 0x00007ffe3ee1d000 	C:\WINDOWS\system32\combase.dll
0x00007ffe3c370000 - 0x00007ffe3c3da000 	C:\WINDOWS\system32\bcryptPrimitives.dll
0x00007ffe3b4e0000 - 0x00007ffe3b4ea000 	C:\WINDOWS\SYSTEM32\VERSION.dll
0x00007ffe3c3e0000 - 0x00007ffe3c41b000 	C:\WINDOWS\system32\IMM32.DLL
0x00007ffe3b4f0000 - 0x00007ffe3b526000 	C:\Windows\system32\nvinitx.dll
0x00007ffe196a0000 - 0x00007ffe1978f000 	C:\Program Files\Java\jre-9.0.4\bin\msvcr120.dll
0x00007ffe19de0000 - 0x00007ffe19e86000 	C:\Program Files\Java\jre-9.0.4\bin\msvcp120.dll
0x00000000558f0000 - 0x0000000056315000 	C:\Program Files\Java\jre-9.0.4\bin\server\jvm.dll
0x00007ffe3c750000 - 0x00007ffe3c758000 	C:\WINDOWS\system32\PSAPI.DLL
0x00007ffe2d9f0000 - 0x00007ffe2d9f9000 	C:\WINDOWS\SYSTEM32\WSOCK32.dll
0x00007ffe3c640000 - 0x00007ffe3c6ab000 	C:\WINDOWS\system32\WS2_32.dll
0x00007ffe397a0000 - 0x00007ffe397c3000 	C:\WINDOWS\SYSTEM32\WINMM.dll
0x00007ffe39740000 - 0x00007ffe3976c000 	C:\WINDOWS\SYSTEM32\WINMMBASE.dll
0x00007ffe3b750000 - 0x00007ffe3b793000 	C:\WINDOWS\system32\cfgmgr32.dll
0x00007ffe39ba0000 - 0x00007ffe39baf000 	C:\Program Files\Java\jre-9.0.4\bin\verify.dll
0x00007ffe2e330000 - 0x00007ffe2e357000 	C:\Program Files\Java\jre-9.0.4\bin\java.dll
0x00007ffe325d0000 - 0x00007ffe325e6000 	C:\Program Files\Java\jre-9.0.4\bin\zip.dll
0x00007ffe31f30000 - 0x00007ffe31f3a000 	C:\Program Files\Java\jre-9.0.4\bin\jimage.dll
0x00007ffe3d640000 - 0x00007ffe3eb9f000 	C:\WINDOWS\system32\SHELL32.dll
0x00007ffe3bbf0000 - 0x00007ffe3c234000 	C:\WINDOWS\system32\windows.storage.dll
0x00007ffe3d220000 - 0x00007ffe3d272000 	C:\WINDOWS\system32\shlwapi.dll
0x00007ffe3b670000 - 0x00007ffe3b67f000 	C:\WINDOWS\system32\kernel.appcore.dll
0x00007ffe3b690000 - 0x00007ffe3b745000 	C:\WINDOWS\system32\shcore.dll
0x00007ffe3b620000 - 0x00007ffe3b66b000 	C:\WINDOWS\system32\powrprof.dll
0x00007ffe3b600000 - 0x00007ffe3b614000 	C:\WINDOWS\system32\profapi.dll
0x00007ffe31ee0000 - 0x00007ffe31efa000 	C:\Program Files\Java\jre-9.0.4\bin\net.dll
0x00007ffe357b0000 - 0x00007ffe35878000 	C:\WINDOWS\SYSTEM32\WINHTTP.dll
0x00007ffe3ae80000 - 0x00007ffe3aedc000 	C:\WINDOWS\system32\mswsock.dll
0x00007ffe31d90000 - 0x00007ffe31da1000 	C:\Program Files\Java\jre-9.0.4\bin\nio.dll
0x00007ffe14680000 - 0x00007ffe1480c000 	C:\WINDOWS\SYSTEM32\dbghelp.dll

VM Arguments:
jvm_args: -ea 
java_command: QueueTest.jar
java_class_path (initial): QueueTest.jar
Launcher Type: SUN_STANDARD

Logging:
Log output configuration:
#0: stdout all=warning uptime,level,tags
#1: stderr all=off uptime,level,tags

Environment Variables:
JAVA_HOME=C:\Program Files\Java\jdk-9.0.4
PATH=C:\Python35\Lib\site-packages\PyQt5;C:\ProgramData\Oracle\Java\javapath;C:\WINDOWS\system32;C:\WINDOWS;C:\WINDOWS\System32\Wbem;C:\WINDOWS\System32\WindowsPowerShell\v1.0\;C:\Program Files\Java\jdk-9.0.4;C:\Users\MSI\AppData\Local\Programs\Python\Python36-32;C:\Users\MSI\AppData\Local\Programs\Python\Python36-32\Scripts;C:\Program Files (x86)\NVIDIA Corporation\PhysX\Common;C:\Program Files\Git\cmd;C:\Program Files\Microsoft VS Code\bin;C:\CMake\bin;C:\Program Files\Java\jre1.8.0_144\bin;C:\Program Files\Java\jdk1.8.0_181\bin;C:\MinGW\bin
USERNAME=MSI
OS=Windows_NT
PROCESSOR_IDENTIFIER=Intel64 Family 6 Model 58 Stepping 9, GenuineIntel



---------------  S Y S T E M  ---------------

OS: Windows 10 , 64 bit Build 10586 (10.0.10586.0)

CPU:total 4 (initial active 4) (2 cores per cpu, 2 threads per core) family 6 model 58 stepping 9, cmov, cx8, fxsr, mmx, sse, sse2, sse3, ssse3, sse4.1, sse4.2, popcnt, avx, aes, clmul, erms, ht, tsc, tscinvbit, tscinv

Memory: 4k page, physical 8274524k(1442580k free), swap 8274524k(60068k free)

vm_info: Java HotSpot(TM) 64-Bit Server VM (9.0.4+11) for windows-amd64 JRE (9.0.4+11), built on Dec 20 2017 02:18:54 by "mach5one" with MS VC++ 12.0 (VS2013)

END.
